EPIC 211037886
EPIC 210899260
EPIC 210666330
EPIC 210675409
EPIC 247363759
EPIC 246794704
EPIC 211041649
EPIC 210786154
EPIC 211049709
EPIC 246875518
EPIC 247857331
EPIC 210652965
EPIC 247002634
EPIC 210674406
EPIC 210772796
EPIC 210359769
EPIC 211058178
EPIC 247134293
EPIC 210551925
EPIC 248045685
EPIC 247369717
EPIC 246865157
EPIC 210554781
EPIC 210744818
EPIC 246777832
EPIC 210771915
EPIC 246931087
EPIC 246732310
EPIC 210651981
EPIC 246806983
EPIC 246862801
EPIC 210741091
EPIC 210470484
EPIC 210865372
EPIC 246714118
EPIC 210942999
EPIC 210499476
EPIC 211169647
EPIC 211137806
EPIC 210894955
EPIC 210704853
EPIC 210365286
EPIC 211201094
EPIC 210941195
EPIC 210579563
EPIC 211026112
EPIC 210769813
EPIC 210419589
EPIC 210523892
EPIC 210742592
EPIC 210744677
EPIC 211036776
EPIC 210963067
EPIC 210490365
EPIC 210497173
EPIC 210432080
EPIC 210408563
EPIC 210489127
EPIC 210451321
EPIC 211019716
EPIC 210700098
EPIC 210923016
EPIC 210736105
EPIC 210899231
EPIC 210459199
EPIC 210828490
EPIC 210846111
EPIC 210878579
EPIC 210718930
EPIC 210949810
EPIC 210945848
EPIC 210754620
EPIC 210742017
EPIC 210667985
EPIC 210743724
EPIC 210640966
EPIC 210674207
EPIC 210889984
EPIC 247755982
EPIC 210772187
EPIC 210552148
EPIC 210709514
EPIC 210726910
EPIC 247799152
EPIC 210566619
EPIC 210558541
EPIC 210721261
EPIC 210491860
EPIC 247589423
EPIC 210596446
EPIC 247523445
EPIC 247592661
EPIC 246707008
EPIC 247556609
EPIC 247862511
EPIC 246863569
EPIC 247019334
EPIC 247139505
EPIC 247899959
EPIC 246900928
EPIC 247110096
EPIC 247069684
EPIC 246911984
EPIC 246808055
EPIC 246752527
EPIC 247282522
EPIC 247864824
EPIC 247603230
EPIC 246768912
EPIC 247218216
EPIC 246878254
EPIC 247122957
EPIC 247144105
EPIC 247610046
EPIC 247094343
EPIC 247813004
EPIC 247318877
EPIC 247171832
EPIC 246807491
EPIC 246981320
EPIC 247441866
EPIC 247153621
EPIC 247970815
EPIC 247164626
EPIC 247032724
EPIC 247230044
EPIC 246996958
EPIC 247185579
EPIC 247649755
EPIC 247306074
EPIC 247783757
EPIC 247013709
EPIC 246971978
EPIC 247072635
EPIC 246953721
EPIC 246625561
EPIC 246884081
EPIC 246990037
EPIC 247337843
EPIC 247744104
EPIC 246624367
EPIC 247560983
EPIC 247969085
EPIC 247288261
EPIC 246787471
EPIC 246642267
EPIC 247444723
EPIC 246928683
EPIC 248170923
EPIC 247308468
EPIC 246677610
EPIC 246953884
EPIC 247395996
EPIC 248199652
EPIC 247381505
EPIC 247793419
EPIC 246690477
EPIC 247167923
EPIC 246846196
EPIC 246816464
EPIC 246838465
EPIC 246984590
EPIC 247297768
EPIC 211898181
EPIC 211845572
EPIC 212004731
EPIC 211930461
EPIC 212094548
EPIC 211907293
EPIC 211988287
EPIC 211971871
EPIC 211992776
EPIC 211990908
EPIC 211970750
EPIC 211980688
EPIC 211990866
EPIC 211950227
EPIC 211988531
EPIC 211950703
EPIC 211996831
EPIC 211974702
EPIC 211979334
EPIC 211975006
EPIC 211972627
EPIC 211988454
EPIC 211955820
EPIC 211949471
EPIC 211947686
EPIC 211980170
EPIC 211954550
EPIC 211956059
EPIC 211955036
EPIC 211942823
EPIC 211952381
EPIC 211997380
EPIC 211947631
EPIC 211926132
EPIC 211931736
EPIC 212011152
EPIC 212025163
EPIC 211978983
EPIC 211985566
EPIC 211995288
EPIC 211949097
EPIC 211980574
EPIC 211999969
EPIC 211985987
EPIC 211939206
EPIC 211956984
EPIC 211971690
EPIC 211987847
EPIC 211998346
EPIC 211936168
EPIC 211933215
EPIC 211983476
EPIC 212009944
EPIC 211968088
EPIC 211968779
EPIC 211992053
EPIC 211968228
EPIC 211988223
EPIC 211910082
EPIC 211944807
EPIC 211980450
EPIC 211992843
EPIC 211969807
EPIC 211996186
EPIC 211997350
EPIC 211959857
EPIC 211942703
EPIC 211954593
EPIC 211983725
EPIC 211974178
EPIC 211989299
EPIC 212018902
EPIC 211994910
EPIC 211934056
EPIC 211958929
EPIC 212005623
EPIC 212030244
EPIC 211927313
EPIC 211972478
EPIC 211978157
EPIC 211978880
EPIC 211956421
EPIC 211986537
EPIC 211983461
EPIC 211943613
EPIC 211988700
EPIC 211935509
EPIC 212021051
EPIC 211969273
EPIC 212012299
EPIC 211936878
EPIC 211935518
EPIC 211978879
EPIC 212005017
EPIC 211955007
EPIC 211971189
EPIC 211945329
EPIC 212014467
EPIC 211968029
EPIC 211950886
EPIC 211960649
EPIC 211925093
EPIC 212013132
EPIC 211973228
EPIC 211946212
EPIC 211953336
EPIC 211951283
EPIC 211982334
EPIC 211989807
EPIC 211949413
EPIC 211950081
EPIC 211985346
EPIC 211949163
EPIC 211975682
EPIC 211953944
EPIC 211938003
EPIC 212009294
EPIC 212025000
EPIC 211937468
EPIC 211970427
EPIC 211938860
EPIC 211957804
EPIC 212023280
EPIC 211977843
EPIC 211988997
EPIC 211967293
EPIC 211983499
EPIC 212003469
EPIC 211954140
EPIC 211980039
EPIC 212010627
EPIC 211918335
EPIC 211911846
EPIC 212013297
EPIC 211989060
EPIC 211959522
EPIC 212021375
EPIC 211939462
EPIC 211970520
EPIC 211935558
EPIC 211970684
EPIC 211946750
EPIC 211925552
EPIC 211971468
EPIC 211975510
EPIC 212011557
EPIC 211989620
EPIC 211948030
EPIC 211986948
EPIC 211970966
EPIC 212020223
EPIC 211932810
EPIC 211946016
EPIC 211945980
EPIC 212005504
EPIC 211950844
EPIC 211988324
EPIC 212004983
EPIC 211973504
EPIC 211954582
EPIC 212009464
EPIC 211956096
EPIC 212017183
EPIC 211982230
EPIC 212024154
EPIC 211992880
EPIC 211921927
EPIC 212001288
EPIC 211933636
EPIC 211905618
EPIC 211992034
EPIC 211916232
EPIC 211988628
EPIC 211982945
EPIC 211973205
EPIC 211959869
EPIC 211910977
EPIC 211972472
EPIC 211915940
EPIC 211982734
EPIC 211948895
EPIC 212002525
EPIC 211997888
EPIC 212019656
EPIC 212001425
EPIC 211960587
EPIC 211929531
EPIC 211946518
EPIC 211966629
EPIC 211950897
EPIC 211937293
EPIC 211975426
EPIC 211955324
EPIC 211922849
EPIC 211915860
EPIC 211959502
EPIC 211946063
EPIC 212025814
EPIC 212011328
EPIC 211979060
EPIC 211990578
EPIC 212029226
EPIC 211992451
EPIC 211981916
EPIC 212031440
EPIC 211910532
EPIC 211939015
EPIC 211917139
EPIC 212031366
EPIC 212013619
EPIC 212024396
EPIC 211928930
EPIC 211936017
EPIC 211927213
EPIC 211956426
EPIC 212029094
EPIC 211969494
EPIC 212019252
EPIC 212019439
EPIC 211929980
EPIC 211970147
EPIC 211924546
EPIC 211895099
EPIC 211982727
EPIC 211990953
EPIC 212015396
EPIC 211940093
EPIC 212075775
EPIC 211958562
EPIC 211970678
EPIC 211938350
EPIC 212008129
EPIC 211983544
EPIC 211926825
EPIC 211976466
EPIC 211955417
EPIC 211973710
EPIC 211949501
EPIC 211958252
EPIC 212005503
EPIC 211916718
EPIC 212018959
EPIC 212027446
EPIC 211931651
EPIC 211938988
EPIC 211989144
EPIC 211974724
EPIC 211951824
EPIC 211916235
EPIC 211903302
EPIC 211959487
EPIC 211925371
EPIC 212004774
EPIC 212016785
EPIC 211920022
EPIC 211955047
EPIC 212018728
EPIC 211914124
EPIC 211949728
EPIC 212006723
EPIC 211953172
EPIC 211998178
EPIC 211994672
EPIC 211998650
EPIC 211952707
EPIC 212010154
EPIC 211914465
EPIC 211989950
EPIC 211949039
EPIC 212011731
EPIC 211987717
EPIC 211931411
EPIC 212013705
EPIC 211925319
EPIC 211993420
EPIC 211911279
EPIC 211916756
EPIC 212020360
EPIC 211996051
EPIC 211936199
EPIC 211970613
EPIC 211993172
EPIC 212007343
EPIC 211900619
EPIC 211905676
EPIC 212003893
EPIC 212002216
EPIC 211983811
EPIC 211951438
EPIC 211996321
EPIC 211930699
EPIC 211951112
EPIC 211898716
EPIC 211957616
EPIC 211943617
EPIC 211974687
EPIC 211939989
EPIC 211988832
EPIC 211975518
EPIC 211915918
EPIC 211896418
EPIC 211918605
EPIC 212006108
EPIC 211959779
EPIC 212018862
EPIC 211980180
EPIC 211890216
EPIC 211976838
EPIC 211926166
EPIC 212013222
EPIC 211979250
EPIC 211936906
EPIC 212020850
EPIC 211908085
EPIC 212026805
EPIC 211997857
EPIC 211940224
EPIC 212014492
EPIC 211940576
EPIC 211896450
EPIC 211951021
EPIC 211908029
EPIC 211927269
EPIC 211941765
EPIC 212013502
EPIC 211938911
EPIC 211980252
EPIC 211947849
EPIC 211946732
EPIC 212016988
EPIC 211944193
EPIC 211925698
EPIC 211931128
EPIC 211953774
EPIC 211924377
EPIC 212017273
EPIC 212032714
EPIC 211976535
EPIC 211953966
EPIC 211945362
EPIC 211939364
EPIC 211990019
EPIC 212025985
EPIC 211939094
EPIC 211978779
EPIC 211914098
EPIC 211923230
EPIC 211886612
EPIC 211981575
EPIC 211973218
EPIC 211984495
EPIC 211911911
EPIC 211892898
EPIC 212022062
EPIC 211984058
EPIC 211970517
EPIC 211936049
EPIC 211891961
EPIC 212031837
EPIC 211924229
EPIC 211997741
EPIC 211896912
EPIC 211953521
EPIC 211906702
EPIC 211912940
EPIC 211913907
EPIC 211901458
EPIC 211949049
EPIC 211932539
EPIC 211946007
EPIC 211908826
EPIC 211961037
EPIC 211926133
EPIC 211928486
EPIC 211925013
EPIC 212021253
EPIC 211997061
EPIC 211954836
EPIC 211994382
EPIC 211953263
EPIC 211967873
EPIC 212009190
EPIC 211943550
EPIC 211938509
EPIC 211997576
EPIC 211920710
EPIC 211995540
EPIC 211923188
EPIC 212016014
EPIC 212031039
EPIC 211992683
EPIC 211936741
EPIC 211897893
EPIC 211946055
EPIC 211928526
EPIC 211977997
EPIC 211901114
EPIC 211946708
EPIC 211920429
EPIC 211901894
EPIC 211909748
EPIC 211901402
EPIC 211940389
EPIC 211983023
EPIC 212028729
EPIC 211900700
EPIC 212025613
EPIC 211934092
EPIC 211847321
EPIC 212016828
EPIC 212031189
EPIC 211936827
EPIC 211915785
EPIC 212015538
EPIC 211911179
EPIC 211975504
EPIC 211907530
EPIC 211906287
EPIC 211988831
EPIC 212017486
EPIC 211884968
EPIC 211892510
EPIC 211913977
EPIC 211887839
EPIC 212021901
EPIC 211981954
EPIC 211893704
EPIC 211979237
EPIC 211896670
EPIC 211913733
EPIC 212035051
EPIC 212028430
EPIC 211931872
EPIC 212022052
EPIC 212005551
EPIC 211945502
EPIC 211937242
EPIC 211915709
EPIC 211950941
EPIC 211945445
EPIC 211907026
EPIC 212017838
EPIC 212018903
EPIC 211937592
EPIC 211998192
EPIC 211973760
EPIC 211991662
EPIC 211980169
EPIC 211923569
EPIC 212017328
EPIC 211941071
EPIC 212018005
EPIC 211903709
EPIC 212010383
EPIC 211956610
EPIC 212027909
EPIC 211906671
EPIC 212080687
EPIC 211921859
EPIC 211980019
EPIC 211982810
EPIC 211939484
EPIC 211914889
EPIC 211847798
EPIC 212006227
EPIC 211976081
EPIC 212003318
EPIC 212085291
EPIC 212033679
EPIC 212000760
EPIC 212003867
EPIC 211832848
EPIC 211905265
EPIC 212009427
EPIC 212036187
EPIC 211930233
EPIC 212002808
EPIC 211896979
EPIC 211896596
EPIC 211958260
EPIC 211891774
EPIC 211950716
EPIC 211981687
EPIC 211891359
EPIC 211897821
EPIC 212012042
EPIC 211923534
EPIC 211989185
EPIC 212032381
EPIC 211923502
EPIC 212069223
EPIC 212085656
EPIC 211970974
EPIC 211896805
EPIC 211995082
EPIC 211972086
EPIC 212074153
EPIC 211838068
EPIC 211941802
EPIC 211916505
EPIC 212038642
EPIC 212007419
EPIC 211977390
EPIC 211895966
EPIC 211885995
EPIC 211899790
EPIC 211913859
EPIC 212081702
EPIC 211984130
EPIC 211925563
EPIC 211932923
EPIC 211902344
EPIC 212027753
EPIC 211841991
EPIC 211959786
EPIC 211901010
EPIC 211845034
EPIC 211834355
EPIC 212023593
EPIC 211947170
EPIC 212011394
EPIC 211998436
EPIC 211918547
EPIC 211911467
EPIC 212075988
EPIC 211795614
EPIC 211891321
EPIC 211988451
EPIC 211892153
EPIC 211822797
EPIC 211908953
EPIC 211839847
EPIC 211919747
EPIC 211898294
EPIC 212024554
EPIC 212024569
EPIC 211939447
EPIC 212005204
EPIC 211991549
EPIC 211907679
EPIC 211978972
EPIC 211887287
EPIC 211900414
EPIC 211902720
EPIC 212031993
EPIC 211949871
EPIC 211948214
EPIC 212074908
EPIC 212132877
EPIC 211945852
EPIC 211992423
EPIC 211936457
EPIC 211971074
EPIC 211915085
EPIC 212011416
EPIC 211954717
EPIC 211842439
EPIC 211906187
EPIC 211889082
EPIC 211950696
EPIC 211909798
EPIC 211897054
EPIC 211896957
EPIC 211954532
EPIC 212078811
EPIC 212072268
EPIC 211981232
EPIC 211902283
EPIC 212025597
EPIC 211892816
EPIC 211990768
EPIC 212100611
EPIC 211795467
EPIC 211913532
EPIC 211981243
EPIC 212008913
EPIC 211799551
EPIC 211953567
EPIC 211912899
EPIC 211939409
EPIC 211915935
EPIC 212021131
EPIC 212027377
EPIC 211998837
EPIC 211841807
EPIC 211919680
EPIC 211846954
EPIC 211991074
EPIC 211827577
EPIC 211945337
EPIC 212015476
EPIC 211834700
EPIC 211956071
EPIC 211805435
EPIC 212086091
EPIC 211929493
EPIC 212103507
EPIC 211937565
EPIC 211812724
EPIC 211892842
EPIC 211902072
EPIC 211991772
EPIC 211817992
EPIC 212078299
EPIC 212027544
EPIC 212123277
EPIC 211971354
EPIC 212142153
EPIC 212016898
EPIC 212034371
EPIC 211947006
EPIC 211803674
EPIC 211890774
EPIC 212112321
EPIC 211899094
EPIC 211953038
EPIC 212025207
EPIC 212069325
EPIC 211934172
EPIC 212082288
EPIC 211937872
EPIC 211908928
EPIC 211950298
EPIC 212112578
EPIC 211956407
EPIC 211981509
EPIC 211971819
EPIC 211899994
EPIC 211923388
EPIC 212086391
EPIC 211810140
EPIC 211897713
EPIC 211935588
EPIC 211901847
EPIC 212066424
EPIC 211799258
EPIC 211984100
EPIC 212015504
EPIC 212070886
EPIC 211833336
EPIC 211948267
EPIC 212077235
EPIC 211894087
EPIC 211991806
EPIC 211902826
EPIC 212109351
EPIC 211827123
EPIC 211966707
EPIC 212026921
EPIC 212154066
EPIC 212077095
EPIC 212120476
EPIC 211968460
EPIC 211938530
EPIC 212035441
EPIC 211902261
EPIC 211956852
EPIC 211826149
EPIC 211955381
EPIC 211952571
EPIC 211827466
EPIC 212108286
EPIC 211810915
EPIC 211928367
EPIC 212171351
EPIC 211896749
EPIC 211778044
EPIC 211955365
EPIC 212088298
EPIC 211964245
EPIC 212161536
EPIC 212026716
EPIC 211799259
EPIC 211918998
EPIC 211773459
EPIC 211835162
EPIC 211841501
EPIC 211920850
EPIC 211781646
EPIC 211928574
EPIC 212129124
EPIC 211827220
EPIC 212155860
EPIC 212007145
EPIC 211801146
EPIC 211999343
EPIC 211938090
EPIC 211771406
EPIC 211795569
EPIC 212095866
EPIC 211787610
EPIC 211939350
EPIC 212027750
EPIC 211978243
EPIC 212086697
EPIC 211938625
EPIC 211952098
EPIC 212138965
EPIC 211944662
EPIC 211922472
EPIC 211748286
EPIC 211952875
EPIC 212127087
EPIC 211998019
EPIC 211790121
EPIC 211887567
EPIC 211851325
EPIC 211910548
EPIC 211945119
EPIC 211776073
EPIC 211975002
EPIC 212092636
EPIC 211988080
EPIC 211938817
EPIC 212111862
EPIC 211905009
EPIC 211981626
EPIC 212008710
EPIC 211892240
EPIC 211973202
EPIC 211889983
EPIC 211727975
EPIC 211980234
EPIC 212009131
EPIC 211999627
EPIC 212012745
EPIC 211951388
EPIC 211795051
EPIC 212078515
EPIC 211820823
EPIC 212068782
EPIC 211936067
EPIC 211943375
EPIC 211985684
EPIC 212103723
EPIC 211796017
EPIC 211927174
EPIC 211923104
EPIC 212006725
EPIC 211958800
EPIC 211998489
EPIC 211958687
EPIC 212089563
EPIC 212148248
EPIC 212068777
EPIC 211795706
EPIC 212069380
EPIC 211845069
EPIC 212129540
EPIC 211781289
EPIC 212110857
EPIC 212002298
EPIC 211912350
EPIC 211990785
EPIC 212136619
EPIC 211974283
EPIC 211888866
EPIC 211745306
EPIC 212158768
EPIC 211951223
EPIC 211707676
EPIC 211896120
EPIC 212105502
EPIC 211995609
EPIC 212133159
EPIC 211959273
EPIC 212012721
EPIC 211738707
EPIC 211997840
EPIC 211926605
EPIC 211789682
EPIC 212140975
EPIC 212076402
EPIC 211937538
EPIC 211829936
EPIC 212104191
EPIC 212147595
EPIC 212064701
EPIC 211913669
EPIC 211708110
EPIC 212088355
EPIC 211725787
EPIC 212083165
EPIC 211734093
EPIC 211700306
EPIC 211729756
EPIC 211913330
EPIC 211900943
EPIC 212106559
EPIC 212112752
EPIC 211935711
EPIC 212112533
EPIC 211800408
EPIC 211890182
EPIC 210991540
EPIC 211016313
EPIC 211029135
EPIC 211037397
EPIC 210946764
EPIC 211002011
EPIC 210997742
EPIC 210989751
EPIC 210943453
EPIC 211051561
EPIC 210990525
EPIC 210966931
EPIC 210964488
EPIC 210817078
EPIC 211051975
EPIC 210977505
EPIC 211065162
EPIC 211010818
EPIC 210940129
EPIC 211013159
EPIC 210960579
EPIC 211013046
EPIC 210956678
EPIC 211025925
EPIC 210969800
EPIC 211008438
EPIC 210803812
EPIC 211081065
EPIC 211058468
EPIC 210946466
EPIC 210979439
EPIC 211063235
EPIC 211054634
EPIC 211049486
EPIC 211077682
EPIC 210978953
EPIC 211077833
EPIC 211088075
EPIC 211058381
EPIC 211070495
EPIC 211069863
EPIC 211079106
EPIC 211095259
EPIC 211036360
EPIC 211044536
EPIC 210872505
EPIC 211029757
EPIC 210888723
EPIC 211028209
EPIC 210854098
EPIC 211039307
EPIC 211078393
EPIC 211046948
EPIC 211053922
EPIC 210865020
EPIC 211026087
EPIC 211055424
EPIC 211089510
EPIC 211059880
EPIC 210940436
EPIC 211018106
EPIC 211010041
EPIC 211065494
EPIC 211046102
EPIC 211067927
EPIC 211041753
EPIC 211088777
EPIC 211049396
EPIC 211002985
EPIC 211005163
EPIC 211084813
EPIC 211071863
EPIC 211030680
EPIC 211063081
EPIC 210998478
EPIC 211046046
EPIC 211074799
EPIC 211077349
EPIC 211059979
EPIC 211098454
EPIC 211038660
EPIC 211069615
EPIC 211084148
EPIC 210832378
EPIC 211013627
EPIC 211071431
EPIC 211106429
EPIC 210905362
EPIC 211055359
EPIC 210994935
EPIC 211078992
EPIC 210974364
EPIC 210988354
EPIC 210862226
EPIC 211075627
EPIC 211025007
EPIC 211063744
EPIC 211066186
EPIC 211064722
EPIC 211076650
EPIC 211023167
EPIC 211008237
EPIC 211062604
EPIC 211053031
EPIC 211038211
EPIC 211074858
EPIC 211010807
EPIC 211095624
EPIC 211069418
EPIC 211078565
EPIC 210822528
EPIC 210995339
EPIC 210965155
EPIC 211079830
EPIC 211106743
EPIC 210989020
EPIC 210876759
EPIC 210957162
EPIC 211108136
EPIC 211071351
EPIC 211111400
EPIC 211105839
EPIC 211053678
EPIC 210988056
EPIC 210966700
EPIC 211092430
EPIC 211015853
EPIC 211055772
EPIC 210995008
EPIC 210983198
EPIC 211093040
EPIC 210977779
EPIC 211105906
EPIC 211043986
EPIC 211049322
EPIC 211014750
EPIC 211030439
EPIC 211078780
EPIC 211089274
EPIC 211042045
EPIC 211047687
EPIC 211045147
EPIC 211100748
EPIC 211099232
EPIC 211077607
EPIC 211095292
EPIC 211005117
EPIC 211014883
EPIC 211035702
EPIC 211079794
EPIC 211079141
EPIC 211117077
EPIC 211091381
EPIC 211061316
EPIC 211078145
EPIC 211056809
EPIC 211035968
EPIC 211055493
EPIC 211096368
EPIC 211081593
EPIC 211006594
EPIC 211010854
EPIC 211101750
EPIC 211081122
EPIC 211115321
EPIC 211025716
EPIC 210762863
EPIC 211056415
EPIC 211066337
EPIC 211113345
EPIC 211070599
EPIC 211092630
EPIC 211101696
EPIC 211057696
EPIC 211114317
EPIC 211112974
EPIC 211080177
EPIC 211037018
EPIC 211112685
EPIC 211012996
EPIC 211068579
EPIC 211072441
EPIC 211118414
EPIC 211112686
EPIC 211107439
EPIC 211101761
EPIC 211095218
EPIC 211090224
EPIC 211117230
EPIC 211079163
EPIC 211064435
EPIC 211074888
EPIC 210754915
EPIC 211038810
EPIC 211056297
EPIC 211064526
EPIC 211033487
EPIC 211091449
EPIC 210996584
EPIC 211004119
EPIC 211097941
EPIC 211115638
EPIC 210967650
EPIC 211088648
EPIC 211065077
EPIC 211077649
EPIC 211121141
EPIC 210911601
EPIC 211059325
EPIC 211092628
EPIC 211059981
EPIC 211091768
EPIC 211039840
EPIC 211063935
EPIC 211027607
EPIC 211059734
EPIC 211026321
EPIC 211024158
EPIC 211113286
EPIC 210779549
EPIC 211054027
EPIC 211080847
EPIC 211040347
EPIC 210978650
EPIC 210920066
EPIC 211004687
EPIC 211101564
EPIC 211096421
EPIC 211024798
EPIC 210982234
EPIC 211057685
EPIC 211080412
EPIC 211034329
EPIC 211071722
EPIC 211037417
EPIC 211100894
EPIC 211121734
EPIC 211098921
EPIC 211031520
EPIC 211117626
EPIC 211119678
EPIC 211086163
EPIC 211028956
EPIC 211066615
EPIC 210971340
EPIC 211041420
EPIC 211084069
EPIC 211083408
EPIC 211013191
EPIC 211093705
EPIC 211069456
EPIC 211105653
EPIC 211061207
EPIC 211072835
EPIC 211104176
EPIC 211082436
EPIC 211120842
EPIC 211129400
EPIC 211068914
EPIC 210922602
EPIC 211010902
EPIC 211090866
EPIC 211082883
EPIC 211031105
EPIC 211078239
EPIC 211003154
EPIC 211086480
EPIC 211073154
EPIC 211047828
EPIC 211107496
EPIC 211086387
EPIC 211027393
EPIC 211059727
EPIC 211074500
EPIC 211000470
EPIC 211103222
EPIC 211103322
EPIC 211100398
EPIC 211100131
EPIC 211087985
EPIC 211118542
EPIC 211023687
EPIC 211107114
EPIC 210983092
EPIC 210881103
EPIC 211106969
EPIC 211023213
EPIC 211103863
EPIC 211038588
EPIC 211067768
EPIC 210982761
EPIC 211107734
EPIC 210866744
EPIC 211002561
EPIC 211125236
EPIC 211113696
EPIC 211100238
EPIC 211007016
EPIC 211005799
EPIC 211032382
EPIC 211100565
EPIC 211102725
EPIC 211066346
EPIC 211096320
EPIC 211094777
EPIC 210903023
EPIC 211074151
EPIC 211093117
EPIC 211133821
EPIC 211052343
EPIC 211038945
EPIC 211091848
EPIC 211112171
EPIC 210877263
EPIC 211003258
EPIC 211071504
EPIC 211021014
EPIC 210997527
EPIC 211027775
EPIC 211066062
EPIC 211006108
EPIC 211086025
EPIC 211050847
EPIC 211111496
EPIC 210996505
EPIC 211123901
EPIC 211097402
EPIC 211070664
EPIC 211066263
EPIC 211008578
EPIC 211033155
EPIC 211122237
EPIC 210991829
EPIC 211040850
EPIC 211064137
EPIC 211111611
EPIC 210996142
EPIC 211005924
EPIC 211102393
EPIC 211035282
EPIC 211042246
EPIC 211080124
EPIC 210994089
EPIC 211082363
EPIC 211038389
EPIC 211072438
EPIC 211139797
EPIC 211093928
EPIC 211114329
EPIC 211025779
EPIC 211075914
EPIC 211017469
EPIC 211037012
EPIC 211066157
EPIC 211093581
EPIC 211066181
EPIC 211097388
EPIC 211119314
EPIC 211094386
EPIC 211125179
EPIC 211032994
EPIC 211078274
EPIC 211035936
EPIC 211115721
EPIC 211074122
EPIC 211046494
EPIC 211015877
EPIC 211089267
EPIC 211083672
EPIC 211046240
EPIC 211067634
EPIC 211048126
EPIC 211029076
EPIC 211081656
EPIC 211078698
EPIC 211046446
EPIC 211053549
EPIC 211132712
EPIC 211029254
EPIC 211089146
EPIC 211111473
EPIC 211072160
EPIC 211089068
EPIC 211078690
EPIC 211131087
EPIC 211024494
EPIC 211079188
EPIC 211047718
EPIC 210996662
EPIC 211117529
EPIC 211011030
EPIC 211080295
EPIC 211134185
EPIC 211041526
EPIC 211044267
EPIC 211030057
EPIC 211107116
EPIC 211056628
EPIC 211036595
EPIC 211087739
EPIC 210886447
EPIC 211056099
EPIC 211075014
EPIC 211090001
EPIC 211021098
EPIC 211045153
EPIC 211107623
EPIC 210922592
EPIC 210989043
EPIC 211118985
EPIC 211031682
EPIC 211090094
EPIC 211031293
EPIC 211115713
EPIC 211119999
EPIC 211093429
EPIC 211001714
EPIC 211083317
EPIC 211087357
EPIC 210997197
EPIC 211048014
EPIC 211062662
EPIC 211045643
EPIC 211104535
EPIC 211138781
EPIC 211015308
EPIC 211091536
EPIC 211096432
EPIC 211043323
EPIC 211060621
EPIC 211001183
EPIC 211021827
EPIC 211080546
EPIC 210945565
EPIC 211101996
EPIC 211110500
EPIC 211027306
EPIC 211003744
EPIC 211056865
EPIC 211064559
EPIC 211143504
EPIC 211047990
EPIC 211045994
EPIC 211063049
EPIC 211001695
EPIC 211063723
EPIC 211033726
EPIC 210860152
EPIC 211063134
EPIC 211084436
EPIC 211041474
EPIC 211029245
EPIC 211045648
EPIC 211139647
EPIC 211038622
EPIC 211138217
EPIC 211041683
EPIC 211057320
EPIC 211096385
EPIC 211051985
EPIC 210942652
EPIC 211128863
EPIC 211057388
EPIC 211039634
EPIC 211121361
EPIC 211034343
EPIC 211101098
EPIC 210993561
EPIC 211030912
EPIC 211062705
EPIC 211115457
EPIC 211010149
EPIC 211079332
EPIC 210951703
EPIC 211139723
EPIC 211067419
EPIC 211013604
EPIC 211020742
EPIC 211062438
EPIC 211086138
EPIC 211081985
EPIC 211066477
EPIC 211066484
EPIC 211029232
EPIC 210994964
EPIC 211076761
EPIC 211116917
EPIC 211077464
EPIC 211103033
EPIC 211127395
EPIC 211016654
EPIC 211126627
EPIC 211018096
EPIC 211132233
EPIC 211103923
EPIC 211103969
EPIC 211023137
EPIC 210942842
EPIC 210901321
EPIC 211027879
EPIC 211081096
EPIC 211063000
EPIC 211006328
EPIC 211087131
EPIC 211085091
EPIC 211007577
EPIC 211014186
EPIC 211120664
EPIC 211000411
EPIC 211041750
EPIC 211017570
EPIC 210933044
EPIC 211047980
EPIC 211008337
EPIC 211050460
EPIC 211086260
EPIC 210949534
EPIC 211036665
EPIC 211104722
EPIC 211057064
EPIC 211016037
EPIC 211100392
EPIC 211025773
EPIC 211068337
EPIC 211089419
EPIC 211065427
EPIC 211113202
EPIC 211108263
EPIC 211042656
EPIC 210915466
EPIC 211054014
EPIC 210958195
EPIC 211004548
EPIC 211089916
EPIC 211098117
EPIC 211046315
EPIC 211042471
EPIC 211044929
EPIC 211018906
EPIC 211059767
EPIC 211027758
EPIC 211025770
EPIC 211098279
EPIC 211051330
EPIC 211030481
EPIC 210815768
EPIC 210947895
EPIC 211020101
EPIC 210829886
EPIC 211017407
EPIC 210934634
EPIC 211093684
EPIC 211084463
EPIC 211046293
EPIC 210949721
EPIC 211045933
EPIC 210872577
EPIC 210894583
EPIC 211070577
EPIC 210833622
EPIC 211015348
EPIC 211047055
EPIC 211054599
EPIC 211046168
EPIC 211076441
EPIC 211055468
EPIC 211020988
EPIC 211071889
EPIC 211156183
EPIC 211064196
EPIC 211059658
EPIC 211149525
EPIC 211078413
EPIC 211147023
EPIC 211007717
EPIC 210950265
EPIC 210855272
EPIC 211059754
EPIC 211025708
EPIC 211005706
EPIC 210947594
EPIC 210830104
EPIC 211149600
EPIC 210967901
EPIC 211015258
EPIC 211147822
EPIC 211060078
EPIC 211161968
EPIC 211022539
EPIC 211062007
EPIC 211053737
EPIC 211158092
EPIC 211059775
EPIC 211129308
EPIC 211038382
EPIC 210963935
EPIC 211023807
EPIC 211048321
EPIC 211060049
EPIC 211147423
EPIC 211019565
EPIC 210878635
EPIC 211053255
EPIC 211011910
EPIC 211135523
EPIC 210945519
EPIC 211131748
EPIC 211138883
EPIC 211013066
EPIC 211025002
EPIC 211125210
EPIC 210917754
EPIC 211020371
EPIC 211038222
EPIC 210927253
EPIC 210927331
EPIC 211036881
EPIC 211023176
EPIC 211106636
EPIC 211106535
EPIC 211127537
EPIC 211106344
EPIC 211132111
EPIC 211127297
EPIC 210923443
EPIC 210974893
EPIC 210939705
EPIC 211151674
EPIC 210866482
EPIC 211093203
EPIC 210939348
EPIC 210907442
EPIC 211140155
EPIC 210969937
EPIC 211127164
EPIC 211171449
EPIC 211093906
EPIC 211086444
EPIC 211141637
EPIC 210919084
EPIC 210920246
EPIC 210971348
EPIC 210924735
EPIC 211124025
EPIC 210965731
EPIC 210880560
EPIC 211150258
EPIC 211120561
EPIC 211130173
EPIC 211168863
EPIC 211068400
EPIC 211128116
EPIC 210871940
EPIC 211090925
EPIC 210863683
EPIC 211048116
EPIC 211177579
EPIC 210964780
EPIC 210840112
EPIC 211101218
EPIC 211063361
EPIC 211085419
EPIC 211143325
EPIC 210873256
EPIC 211086170
EPIC 211153286
EPIC 211069011
EPIC 211041682
EPIC 211109330
EPIC 211087059
EPIC 210899950
EPIC 211053776
EPIC 211060762
EPIC 211084620
EPIC 211163008
EPIC 210931244
EPIC 211102300
EPIC 211128979
EPIC 211154974
EPIC 211100931
EPIC 211139534
EPIC 211069510
EPIC 210776021
EPIC 210784223
EPIC 211139818
EPIC 211049922
EPIC 210879932
EPIC 211062846
EPIC 210892390
EPIC 211059650
EPIC 211142685
EPIC 210886244
EPIC 211099297
EPIC 210909923
EPIC 210846442
EPIC 211129571
EPIC 210877423
EPIC 211152884
EPIC 211062206
EPIC 210882573
EPIC 211116507
EPIC 210769047
EPIC 211007344
EPIC 211081949
EPIC 211066413
EPIC 210986927
EPIC 210804191
EPIC 211065006
EPIC 211141632
EPIC 210965709
EPIC 211060969
EPIC 211067702
EPIC 210996915
EPIC 211000740
EPIC 211059949
EPIC 211140995
EPIC 211147344
EPIC 210947280
EPIC 211057850
EPIC 211065426
EPIC 211006027
EPIC 210980418
EPIC 211129321
EPIC 210967582
EPIC 211082429
EPIC 210791550
EPIC 210974237
EPIC 210926194
EPIC 211009416
EPIC 210892321
EPIC 210932705
EPIC 210887995
EPIC 210944157
EPIC 210940839
EPIC 211127799
EPIC 211029446
EPIC 211030074
EPIC 211013743
EPIC 210833049
EPIC 210949562
EPIC 211012609
EPIC 210912544
EPIC 210948982
EPIC 211000887
EPIC 211110672
EPIC 211010517
EPIC 211033935
EPIC 211057712
EPIC 211046826
EPIC 210839388
EPIC 210941338
EPIC 210957703
EPIC 210975876
EPIC 210977069
EPIC 210973624
EPIC 210940618
EPIC 210875952
EPIC 211052320
EPIC 204451363
EPIC 205104403
EPIC 204562176
EPIC 204227785
EPIC 204882444
EPIC 203667805
EPIC 204189121
EPIC 204174563
EPIC 204175508
EPIC 204604402
EPIC 205049221
EPIC 203553934
EPIC 204077926
EPIC 204782414
EPIC 204819202
EPIC 203544427
EPIC 203866877
EPIC 204494201
EPIC 203710077
EPIC 203675097
EPIC 204862399
EPIC 203892828
EPIC 203457426
EPIC 204811478
EPIC 204107757
EPIC 203890834
EPIC 204041137
EPIC 204115917
EPIC 204269918
EPIC 204413641
EPIC 203570729
EPIC 204918279
EPIC 204351607
EPIC 204104740
EPIC 204282380
EPIC 204963464
EPIC 204229193
EPIC 204832936
EPIC 205010817
EPIC 204222666
EPIC 204274993
EPIC 205155483
EPIC 203582679
EPIC 204886563
EPIC 204887278
EPIC 204807722
EPIC 205008763
EPIC 204248842
EPIC 204496657
EPIC 204896403
EPIC 204084492
EPIC 203696502
EPIC 203628765
EPIC 204512343
EPIC 204787516
EPIC 204836433
EPIC 204040060
EPIC 204442667
EPIC 204274743
EPIC 204179058
EPIC 203800211
EPIC 204330772
EPIC 203920801
EPIC 204434699
EPIC 204760247
EPIC 203521205
EPIC 204412942
EPIC 204399028
EPIC 204351804
EPIC 203839698
EPIC 204134887
EPIC 204247416
EPIC 204193196
EPIC 204193996
EPIC 203810851
EPIC 204849054
EPIC 204097242
EPIC 203361837
EPIC 203812531
EPIC 204147776
EPIC 205202444
EPIC 204898840
EPIC 205128625
EPIC 204777646
EPIC 205162306
EPIC 204957540
EPIC 204553379
EPIC 204123651
EPIC 204780592
EPIC 204066097
EPIC 205024407
EPIC 204066898
EPIC 204281210
EPIC 204238921
EPIC 204594600
EPIC 204249804
EPIC 204190866
EPIC 203397761
EPIC 203475138
EPIC 203301463
EPIC 204367110
EPIC 210282521
EPIC 204477741
EPIC 204547272
EPIC 204247509
EPIC 203462615
EPIC 203574463
EPIC 203499724
EPIC 205030103
EPIC 203642381
EPIC 204439442
EPIC 204436170
EPIC 204383487
EPIC 204096760
EPIC 204533053
EPIC 204387835
EPIC 204367097
EPIC 204270520
EPIC 204769599
EPIC 205001070
EPIC 204894208
EPIC 204121833
EPIC 204878974
EPIC 203766590
EPIC 205153472
EPIC 205225428
EPIC 204933893
EPIC 204519031
EPIC 204350593
EPIC 203363279
EPIC 203895244
EPIC 203811459
EPIC 204105333
EPIC 205087347
EPIC 203655505
EPIC 203854810
EPIC 204406748
EPIC 204458208
EPIC 203249626
EPIC 204428324
EPIC 203690414
EPIC 204438578
EPIC 204241103
EPIC 205055104
EPIC 204350686
EPIC 204262368
EPIC 203712541
EPIC 204317321
EPIC 204838715
EPIC 203842272
EPIC 204277211
EPIC 204897050
EPIC 204794876
EPIC 203853244
EPIC 204435603
EPIC 204054129
EPIC 203834337
EPIC 204612315
EPIC 205232648
EPIC 204947015
EPIC 204350926
EPIC 205232450
EPIC 204432860
EPIC 204388640
EPIC 204791347
EPIC 204137184
EPIC 203708909
EPIC 204278916
EPIC 204290833
EPIC 204258708
EPIC 204347304
EPIC 204948308
EPIC 204178534
EPIC 204348206
EPIC 203863529
EPIC 205173629
EPIC 204271115
EPIC 204437393
EPIC 203629401
EPIC 204519555
EPIC 204417649
EPIC 204518814
EPIC 204182919
EPIC 204356847
EPIC 204317053
EPIC 204607034
EPIC 203560204
EPIC 205078547
EPIC 204248645
EPIC 204894575
EPIC 204322706
EPIC 203846183
EPIC 204282976
EPIC 204489514
EPIC 203348270
EPIC 204553407
EPIC 203348744
EPIC 204376053
EPIC 204360645
EPIC 203551698
EPIC 203551881
EPIC 204852633
EPIC 203341895
EPIC 204538777
EPIC 204548337
EPIC 205200173
EPIC 204993463
EPIC 204063024
EPIC 204246759
EPIC 204328600
EPIC 205228053
EPIC 203420271
EPIC 205199316
EPIC 205207894
EPIC 204119181
EPIC 204954915
EPIC 204920926
EPIC 204180473
EPIC 204330803
EPIC 204122161
EPIC 205041327
EPIC 204599787
EPIC 203723257
EPIC 204862109
EPIC 204864076
EPIC 205038557
EPIC 204230890
EPIC 204072696
EPIC 203290460
EPIC 204376071
EPIC 203920102
EPIC 205037578
EPIC 203895983
EPIC 204637622
EPIC 204638512
EPIC 203514056
EPIC 204603210
EPIC 203463878
EPIC 205164304
EPIC 205454164
EPIC 204970885
EPIC 205208701
EPIC 205154017
EPIC 204895521
EPIC 205238942
EPIC 204856827
EPIC 204819492
EPIC 204494633
EPIC 204871862
EPIC 204844509
EPIC 204819661
EPIC 205142483
EPIC 204919503
EPIC 205089832
EPIC 205088828
EPIC 205519771
EPIC 204787127
EPIC 204813678
EPIC 205390110
EPIC 204506777
EPIC 204901273
EPIC 204933717
EPIC 205495323
EPIC 204242152
EPIC 204583750
EPIC 204757338
EPIC 204909952
EPIC 204233955
EPIC 204878461
EPIC 203860131
EPIC 205063210
EPIC 205121714
EPIC 204566199
EPIC 204845955
EPIC 204426231
EPIC 203753432
EPIC 204434363
EPIC 205480850
EPIC 203843009
EPIC 204830256
EPIC 204229583
EPIC 204832041
EPIC 203851147
EPIC 204829482
EPIC 204876697
EPIC 205087483
EPIC 204273100
EPIC 204895410
EPIC 203271901
EPIC 204643047
EPIC 203788687
EPIC 204446677
EPIC 203844446
EPIC 204417450
EPIC 204054556
EPIC 204397408
EPIC 205164832
EPIC 204321428
EPIC 205152548
EPIC 204838119
EPIC 204801261
EPIC 204428864
EPIC 203563853
EPIC 205177336
EPIC 204634894
EPIC 204451272
EPIC 205080360
EPIC 204118782
EPIC 204154736
EPIC 205080616
EPIC 205142641
EPIC 205060410
EPIC 204932100
EPIC 204449389
EPIC 204611292
EPIC 205359167
EPIC 205141287
EPIC 204472612
EPIC 204810792
EPIC 205142340
EPIC 203833980
EPIC 205358744
EPIC 204099739
EPIC 205192701
EPIC 205177770
EPIC 203468205
EPIC 203660895
EPIC 203898731
EPIC 204324196
EPIC 202710503
EPIC 203897643
EPIC 204094503
EPIC 204507317
EPIC 204852312
EPIC 204565769
EPIC 204854345
EPIC 202724025
EPIC 204894630
EPIC 203815783
EPIC 205152244
EPIC 202957873
EPIC 204871202
EPIC 205151387
EPIC 202960425
EPIC 202978875
EPIC 204555809
EPIC 204172838
EPIC 205046848
EPIC 205066998
EPIC 204418005
EPIC 205626492
EPIC 203913100
EPIC 204100531
EPIC 203009876
EPIC 204448136
EPIC 204328391
EPIC 205034152
EPIC 202539362
EPIC 205056060
EPIC 204093677
EPIC 205092303
EPIC 204429883
EPIC 203581504
EPIC 205203376
EPIC 204086791
EPIC 204517282
EPIC 204756726
EPIC 203362293
EPIC 203842174
EPIC 204824603
EPIC 204398857
EPIC 204397879
EPIC 205164400
EPIC 204608292
EPIC 204769996
EPIC 205218826
EPIC 204783273
EPIC 204388140
EPIC 204518032
EPIC 204447221
EPIC 203844180
EPIC 203893268
EPIC 204288433
EPIC 205054287
EPIC 205477423
EPIC 203837143
EPIC 203065387
EPIC 203856109
EPIC 204982702
EPIC 204614722
EPIC 203849738
EPIC 205157836
EPIC 204472125
EPIC 204078097
EPIC 204121113
EPIC 205366676
EPIC 204538466
EPIC 204551703
EPIC 204059992
EPIC 203036995
EPIC 203036352
EPIC 204630363
EPIC 205026365
EPIC 205024957
EPIC 204212486
EPIC 205005589
EPIC 205117205
EPIC 202515599
EPIC 203756781
EPIC 204133691
EPIC 205040772
EPIC 202915242
EPIC 205167008
EPIC 204217309
EPIC 202585030
EPIC 205133963
EPIC 203596697
EPIC 204484164
EPIC 204392438
EPIC 202904813
EPIC 205145188
EPIC 205164892
EPIC 204464828
EPIC 205247191
EPIC 204487447
EPIC 203692610
EPIC 205137430
EPIC 204870669
EPIC 205124839
EPIC 204841911
EPIC 204495624
EPIC 205106221
EPIC 202879519
EPIC 202880081
EPIC 205241182
EPIC 204468732
EPIC 204530046
EPIC 205054397
EPIC 204230492
EPIC 204655153
EPIC 204060981
EPIC 204501712
EPIC 203716047
EPIC 204117263
EPIC 204127977
EPIC 204584635
EPIC 204401119
EPIC 203754361
EPIC 204233574
EPIC 204561327
EPIC 205068630
EPIC 204907231
EPIC 205375290
EPIC 204217530
EPIC 203278103
EPIC 204467584
EPIC 204450240
EPIC 203851946
EPIC 205374937
EPIC 205355375
EPIC 203759570
EPIC 204187094
EPIC 204296945
EPIC 203318214
EPIC 204099713
EPIC 204365837
EPIC 203686287
EPIC 204439854
EPIC 204074274
EPIC 204478864
EPIC 204239143
EPIC 204220275
EPIC 203645396
EPIC 203641931
EPIC 204292655
EPIC 205086621
EPIC 205155253
EPIC 204345402
EPIC 205019241
EPIC 204932990
EPIC 204367193
EPIC 205034491
EPIC 204251947
EPIC 205091879
EPIC 205157937
EPIC 204912351
EPIC 205092842
EPIC 204817605
EPIC 205129147
EPIC 205168266
EPIC 203538882
EPIC 204857023
EPIC 205072354
EPIC 204803505
EPIC 205156547
EPIC 203892022
EPIC 202709862
EPIC 202909059
EPIC 205102553
EPIC 205150770
EPIC 204651122
EPIC 204928499
EPIC 204940701
EPIC 202699293
EPIC 210282525
EPIC 204581550
EPIC 203775036
EPIC 204851310
EPIC 205182200
EPIC 204404080
EPIC 203577715
EPIC 205013031
EPIC 205182220
EPIC 205012599
EPIC 204245943
EPIC 204465961
EPIC 204105498
EPIC 205167772
EPIC 205364526
EPIC 204888409
EPIC 204184435
EPIC 204185181
EPIC 203760219
EPIC 204279085
EPIC 205082248
EPIC 203448860
EPIC 204812713
EPIC 204259310
EPIC 205165965
EPIC 203876392
EPIC 204210528
EPIC 204491374
EPIC 204247811
EPIC 204204545
EPIC 202522205
EPIC 202521690
EPIC 204468888
EPIC 204399319
EPIC 205373716
EPIC 205373893
EPIC 203048597
EPIC 205431266
EPIC 204393705
EPIC 205097920
EPIC 204222295
EPIC 204813829
EPIC 204149252
EPIC 204156820
EPIC 204152030
EPIC 203750883
EPIC 204152441
EPIC 204525772
EPIC 203842665
EPIC 204439731
EPIC 205225696
EPIC 204459941
EPIC 203881218
EPIC 203917770
EPIC 205260089
EPIC 202947197
EPIC 203070560
EPIC 203777800
EPIC 202818196
EPIC 205217412
EPIC 204264641
EPIC 203534383
EPIC 203799762
EPIC 203459091
EPIC 204449165
EPIC 205051240
EPIC 204492163
EPIC 204449800
EPIC 204245509
EPIC 205049683
EPIC 204442118
EPIC 203793637
EPIC 204332672
EPIC 205047378
EPIC 203904156
EPIC 205158239
EPIC 204488355
EPIC 202955563
EPIC 205188906
EPIC 203532363
EPIC 202853972
EPIC 204344180
EPIC 204960156
EPIC 205179845
EPIC 204828211
EPIC 204177311
EPIC 203726701
EPIC 204408619
EPIC 203499175
EPIC 203711274
EPIC 203017692
EPIC 204602579
EPIC 204231861
EPIC 203703016
EPIC 203083616
EPIC 204235325
EPIC 203747590
EPIC 204147295
EPIC 202933888
EPIC 203770673
EPIC 202533810
EPIC 203770366
EPIC 203876897
EPIC 205209357
EPIC 204079030
EPIC 204076987
EPIC 204492384
EPIC 204172667
EPIC 203938167
EPIC 204189554
EPIC 202906766
EPIC 204250417
EPIC 204299578
EPIC 204078673
EPIC 205037489
EPIC 203576256
EPIC 204584778
EPIC 203816510
EPIC 204355829
EPIC 203342257
EPIC 204202443
EPIC 203623026
EPIC 204939243
EPIC 205198363
EPIC 203370081
EPIC 204204414
EPIC 204092042
EPIC 205124381
EPIC 204621457
EPIC 205143329
EPIC 203122463
EPIC 204467371
EPIC 204494046
EPIC 203920452
EPIC 203674308
EPIC 204204606
EPIC 203837965
EPIC 204143627
EPIC 204162631
EPIC 204462739
EPIC 203894955
EPIC 204348630
EPIC 203731383
EPIC 204824257
EPIC 204554162
EPIC 204337881
EPIC 204154149
EPIC 204199333
EPIC 203895004
EPIC 203840786
EPIC 203433962
EPIC 204101029
EPIC 203565326
EPIC 204082531
EPIC 203685514
EPIC 203750949
EPIC 203568037
EPIC 203771564
EPIC 203710387
EPIC 203747290
EPIC 204499729
EPIC 203416475
EPIC 204153041
EPIC 203664569
EPIC 203516237
EPIC 204206497
EPIC 203679848
EPIC 204202811
EPIC 203587408
EPIC 203703588
EPIC 203479994
EPIC 204126288
EPIC 203337814
EPIC 203855509
EPIC 203627083
EPIC 203520293
EPIC 203884472
EPIC 204241221
EPIC 203768482
EPIC 203844508
EPIC 204144407
EPIC 203527618
EPIC 204543498
EPIC 204414610
EPIC 204303402
EPIC 204150518
EPIC 203868608
EPIC 204099505
EPIC 204162886
EPIC 203452629
EPIC 203465939
EPIC 203809634
EPIC 203696274
EPIC 203934572
EPIC 203809317
EPIC 203863067
EPIC 203910995
EPIC 203565563
EPIC 203925874
EPIC 203788453
EPIC 203563208
EPIC 203789628
EPIC 203789325
EPIC 203098364
EPIC 203842482
EPIC 203119637
EPIC 202632400
EPIC 205596184
EPIC 203542463
EPIC 202910245
EPIC 203097006
EPIC 202569086
EPIC 203385048
EPIC 205272194
EPIC 205267399
EPIC 205264786
EPIC 203004488
EPIC 204862767
EPIC 204608015
EPIC 202552141
EPIC 204435866
EPIC 204662993
EPIC 204402572
EPIC 204454456
EPIC 204569229
EPIC 204508462
EPIC 204468718
EPIC 204418342
EPIC 204598458
EPIC 204542962
EPIC 204260042
EPIC 204347422
EPIC 204168477
EPIC 204364130
EPIC 204964091
EPIC 204469637
EPIC 204321959
EPIC 205403104
EPIC 204932248
EPIC 204956337
EPIC 204408707
EPIC 204559599
EPIC 204287798
EPIC 204655550
EPIC 204638251
EPIC 205516967
EPIC 203848625
EPIC 204615541
EPIC 204279000
EPIC 204666965
EPIC 203869829
EPIC 203478236
EPIC 203891936
EPIC 204372172
EPIC 204296346
EPIC 205211404
EPIC 203636498
EPIC 203598787
EPIC 203540227
EPIC 203425996
EPIC 203625455
EPIC 204353205
EPIC 204346718
EPIC 204290918
EPIC 203915538
EPIC 204494885
EPIC 203914036
EPIC 204217770
EPIC 203626828
EPIC 204644117
EPIC 203417549
EPIC 202873945
EPIC 204471912
EPIC 204211116
EPIC 203495721
EPIC 203685806
EPIC 204819556
EPIC 203001378
EPIC 204552994
EPIC 203143409
EPIC 204329690
EPIC 204671953
EPIC 204651589
EPIC 202552587
EPIC 204598375
EPIC 205000676
EPIC 204603511
EPIC 202800875
EPIC 204810161
EPIC 204176565
EPIC 203931628
EPIC 202949156
EPIC 202791563
EPIC 204449274
EPIC 203517602
EPIC 202800046
EPIC 204374147
EPIC 204321142
EPIC 204683246
EPIC 205204368
EPIC 205007401
EPIC 204591415
EPIC 202908892
EPIC 204608050
EPIC 203390179
EPIC 204611501
EPIC 202891090
EPIC 204683343
EPIC 203112557
EPIC 204264833
EPIC 204524752
EPIC 202906224
EPIC 204656724
EPIC 205483258
EPIC 202709152
EPIC 203655051
EPIC 204274536
EPIC 202795175
EPIC 204637674
EPIC 202661711
EPIC 204195050
EPIC 203863576
EPIC 204139015
EPIC 203378869
EPIC 202959419
EPIC 203467084
EPIC 204566795
EPIC 203001867
EPIC 203649927
EPIC 203783190
EPIC 204624141
EPIC 204990278
EPIC 204295293
EPIC 203555168
EPIC 202640668
EPIC 203761347
EPIC 204469527
EPIC 204347824
EPIC 204268916
EPIC 204355491
EPIC 204462113
EPIC 203343161
EPIC 204176771
EPIC 203725441
EPIC 204623020
EPIC 203430290
EPIC 204175516
EPIC 203417323
EPIC 203911473
EPIC 203042487
EPIC 203528786
EPIC 205010433
EPIC 205529382
EPIC 203440253
EPIC 204460283
EPIC 210282526
EPIC 203421625
EPIC 204129511
EPIC 204165788
EPIC 204396010
EPIC 204544020
EPIC 203506352
EPIC 203807162
EPIC 202793212
EPIC 203071614
EPIC 203476597
EPIC 203086979
EPIC 203778209
EPIC 203055760
EPIC 204611221
EPIC 204277248
EPIC 204383288
EPIC 204382615
EPIC 204520625
EPIC 202987851
EPIC 203074940
EPIC 203354381
EPIC 203640875
EPIC 202976647
EPIC 203713606
EPIC 204223197
EPIC 204525799
EPIC 204377821
EPIC 204520585
EPIC 203138121
EPIC 203826403
EPIC 204206295
EPIC 203006330
EPIC 204464537
EPIC 203478347
EPIC 205044245
EPIC 203442191
EPIC 204565982
EPIC 203386139
EPIC 203749770
EPIC 203390805
EPIC 203807051
EPIC 203791768
EPIC 204134902
EPIC 203850605
EPIC 204608421
EPIC 203915424
EPIC 202787821
EPIC 202790830
EPIC 204330922
EPIC 203425127
EPIC 203751997
EPIC 203781195
EPIC 203465909
EPIC 203652652
EPIC 203798606
EPIC 202828127
EPIC 203409747
EPIC 203781238
EPIC 204411939
EPIC 203875175
EPIC 203062441
EPIC 203504633
EPIC 203115615
EPIC 203117371
EPIC 203905980
EPIC 204570302
EPIC 203604427
EPIC 202615424
EPIC 203036210
EPIC 202773970
EPIC 203774126
EPIC 203178795
EPIC 203033414
EPIC 203956555
EPIC 203044910
EPIC 202638454
EPIC 203125449
EPIC 203642025
EPIC 203108627
EPIC 203050730
EPIC 203189054
EPIC 203122134
EPIC 205165393
EPIC 202676865
EPIC 202678486
EPIC 205517382
EPIC 204377731
EPIC 204474909
EPIC 204438478
EPIC 210282528
EPIC 203099159
EPIC 204559470
EPIC 203181641
EPIC 202619356
EPIC 205431449
EPIC 203185083
EPIC 202724532
EPIC 202687442
EPIC 204884822
EPIC 202679988
EPIC 203130129
EPIC 203120753
EPIC 204566404
EPIC 205059490
EPIC 205435449
EPIC 204716087
EPIC 203135082
EPIC 205075874
EPIC 205002311
