211037886
210899260
210666330
210675409
247363759
246794704
211041649
210786154
211049709
246875518
247857331
210652965
247002634
210674406
210772796
210359769
211058178
247134293
210551925
248045685
#247611242
247369717
246865157
210554781
210744818
246777832
210771915
246931087
246732310
210651981
246806983
246862801
210741091
210470484
210865372
246714118
210942999
210499476
211169647
211137806
210894955
210704853
210365286
211201094
210941195
210579563
211026112
210769813
210419589
210523892
210742592
210744677
211036776
210963067
210490365
210497173
210432080
210408563
210489127
210451321
211019716
210700098
210923016
210736105
210899231
210459199
210828490
210846111
210878579
210718930
210949810
210945848
210754620
210742017
210667985
210743724
210640966
210674207
210889984
247755982
210772187
210552148
210709514
210726910
247799152
210566619
210558541
210721261
210491860
247589423
210596446
247523445
247592661
246707008
247556609
247862511
246863569
247019334
247139505
247899959
246900928
247110096
247069684
246911984
246808055
246752527
247282522
247864824
247603230
246768912
247218216
246878254
247122957
247144105
247610046
247094343
247813004
247318877
247171832
246807491
246981320
247441866
247153621
247970815
247164626
247032724
247230044
246996958
247185579
247649755
247306074
247783757
247013709
246971978
247072635
246953721
246625561
246884081
246990037
247337843
247744104
246624367
247560983
247969085
247288261
246787471
246642267
247444723
246928683
248170923
247308468
246677610
246953884
247395996
248199652
247381505
247793419
246690477
247167923
246846196
246816464
246838465
246984590
247297768
