210991540
211016313
211029135
211037397
210946764
211002011
210997742
210989751
210943453
211051561
210990525
210966931
210964488
210817078
211051975
210977505
211065162
211010818
210940129
211013159
210960579
211013046
210956678
211025925
210969800
211008438
210803812
211081065
211058468
210946466
210979439
211063235
211054634
211049486
211077682
210978953
211077833
211088075
211058381
211070495
211069863
211079106
211095259
211036360
211044536
210872505
211029757
210888723
211028209
210854098
211039307
211078393
211046948
211053922
210865020
211026087
211055424
211089510
211059880
210940436
211018106
211010041
211065494
211046102
211067927
211041753
211088777
211049396
211002985
211005163
211084813
211071863
211030680
211063081
210998478
211046046
211074799
211077349
211059979
211098454
211038660
211069615
211084148
210832378
211013627
211071431
211106429
210905362
211055359
210994935
211078992
210974364
210988354
210862226
211075627
211025007
211063744
211066186
211064722
211076650
211023167
211008237
211062604
211053031
211038211
211074858
211010807
211095624
211069418
211078565
210822528
210995339
210965155
211079830
211106743
210989020
210876759
210957162
211108136
211071351
211111400
211105839
211053678
210988056
210966700
211092430
211015853
211055772
210995008
210983198
211093040
210977779
211105906
211043986
211049322
211014750
211030439
211078780
211089274
211042045
211047687
211045147
211100748
211099232
211077607
211095292
211005117
211014883
211035702
211079794
211079141
211117077
211091381
211061316
211078145
211056809
211035968
211055493
211096368
211081593
211006594
211010854
211101750
211081122
211115321
211025716
210762863
211056415
211066337
211113345
211070599
211092630
211101696
211057696
211114317
211112974
211080177
211037018
211112685
211012996
211068579
211072441
211118414
211112686
211107439
211101761
211095218
211090224
211117230
211079163
211064435
211074888
210754915
211038810
211056297
211064526
211033487
211091449
210996584
211004119
211097941
211115638
210967650
211088648
211065077
211077649
211121141
210911601
211059325
211092628
211059981
211091768
211039840
211063935
211027607
211059734
211026321
211024158
211113286
210779549
211054027
211080847
211040347
210978650
210920066
211004687
211101564
211096421
211024798
210982234
211057685
211080412
211034329
211071722
211037417
211100894
211121734
211098921
211031520
211117626
211119678
211086163
211028956
211066615
210971340
211041420
211084069
211083408
211013191
211093705
211069456
211105653
211061207
211072835
211104176
211082436
211120842
211129400
211068914
210922602
211010902
211090866
211082883
211031105
211078239
211003154
211086480
211073154
211047828
211107496
211086387
211027393
211059727
211074500
211000470
211103222
211103322
211100398
211100131
211087985
211118542
211023687
211107114
210983092
210881103
211106969
211023213
211103863
211038588
211067768
210982761
211107734
210866744
211002561
211125236
211113696
211100238
211007016
211005799
211032382
211100565
211102725
211066346
211096320
211094777
210903023
211074151
211093117
211133821
211052343
211038945
211091848
211112171
210877263
211003258
211071504
211021014
210997527
211027775
211066062
211006108
211086025
211050847
211111496
210996505
211123901
211097402
211070664
211066263
211008578
211033155
211122237
210991829
211040850
211064137
211111611
210996142
211005924
211102393
211035282
211042246
211080124
210994089
211082363
211038389
211072438
211139797
211093928
211114329
211025779
211075914
211017469
211037012
211066157
211093581
211066181
211097388
211119314
211094386
211125179
211032994
211078274
211035936
211115721
211074122
220115919
211046494
211015877
211089267
211083672
211046240
211067634
211048126
211029076
211081656
211078698
211046446
211053549
211132712
211029254
211089146
211111473
211072160
211089068
211078690
211131087
211024494
211079188
211047718
210996662
211117529
211011030
211080295
211134185
211041526
211044267
211030057
211107116
211056628
211036595
211087739
210886447
211056099
211075014
211090001
211021098
211045153
211107623
210922592
210989043
211118985
211031682
211090094
211031293
211115713
211119999
211093429
211001714
211083317
211087357
210997197
211048014
211062662
211045643
211104535
211138781
211015308
211091536
211096432
211043323
211060621
211001183
211021827
211080546
210945565
211101996
211110500
211027306
211003744
211056865
211064559
211143504
211047990
211045994
211063049
211001695
211063723
211033726
210860152
211063134
211084436
211041474
211029245
211045648
211139647
211038622
211138217
211041683
211057320
211096385
211051985
210942652
211128863
211057388
211039634
211121361
211034343
211101098
210993561
211030912
211062705
211115457
211010149
211079332
210951703
211139723
211067419
211013604
211020742
211062438
211086138
211081985
211066477
211066484
211029232
210994964
211076761
211116917
211077464
211103033
211127395
211016654
211126627
211018096
211132233
211103923
211103969
211023137
210942842
210901321
211027879
211081096
211063000
211006328
211087131
211085091
211007577
211014186
211120664
211000411
211041750
211017570
210933044
211047980
211008337
211050460
211086260
210949534
211036665
211104722
211057064
211016037
211100392
211025773
211068337
211089419
211065427
211113202
211108263
211042656
210915466
211054014
210958195
211004548
211089916
211098117
211046315
211042471
211044929
211018906
211059767
211027758
211025770
211098279
211051330
211030481
210815768
210947895
211020101
210829886
211017407
210934634
211093684
211084463
211046293
210949721
211045933
210872577
210894583
211070577
210833622
211015348
211047055
211054599
211046168
211076441
211055468
211020988
211071889
211156183
211064196
211059658
211149525
211078413
211147023
211007717
210950265
210855272
211059754
211025708
211005706
210947594
210830104
211149600
210967901
211015258
211147822
211060078
211161968
211022539
211062007
211053737
211158092
211059775
211129308
211038382
210963935
211023807
211048321
211060049
211147423
211019565
210878635
211053255
211011910
211135523
210945519
211131748
211138883
211013066
211025002
211125210
210917754
211020371
211038222
210927253
210927331
211036881
211023176
211106636
211106535
211127537
211106344
211132111
211127297
210923443
210974893
210939705
211151674
210866482
211093203
210939348
210907442
211140155
210969937
211127164
211171449
211093906
211086444
211141637
210919084
210920246
210971348
210924735
211124025
210965731
210880560
211150258
211120561
211130173
211168863
211068400
211128116
210871940
211090925
210863683
211048116
211177579
210964780
210840112
211101218
211063361
211085419
211143325
210873256
211086170
211153286
211069011
211041682
211109330
211087059
210899950
211053776
211060762
211084620
211163008
210931244
211102300
211128979
211154974
211100931
211139534
211069510
210776021
210784223
211139818
211049922
210879932
211062846
210892390
211059650
211142685
210886244
211099297
210909923
210846442
211129571
210877423
211152884
211062206
210882573
211116507
210769047
211007344
211081949
211066413
210986927
210804191
211065006
211141632
210965709
211060969
211067702
210996915
211000740
211059949
211140995
211147344
210947280
211057850
211065426
211006027
210980418
211129321
210967582
211082429
210791550
210974237
210926194
211009416
210892321
210932705
210887995
210944157
210940839
211127799
211029446
211030074
211013743
210833049
210949562
211012609
210912544
210948982
211000887
211110672
211010517
211033935
211057712
211046826
210839388
210941338
210957703
210975876
210977069
210973624
210940618
210875952
211052320
