211898181
211845572
212004731
211930461
212094548
211907293
211988287
211971871
211992776
211990908
211970750
211980688
211990866
211950227
211988531
211950703
211996831
211974702
211979334
211975006
211972627
211988454
211955820
211949471
211947686
211980170
211954550
211956059
211955036
211942823
211952381
211997380
211947631
211926132
211931736
212011152
212025163
211978983
211985566
211995288
211949097
211980574
211999969
211985987
211939206
211956984
211971690
211987847
211998346
211936168
211933215
211983476
212009944
211968088
211968779
211992053
211968228
211988223
211910082
211944807
211980450
211992843
211969807
211996186
211997350
211959857
211942703
211954593
211983725
211974178
211989299
212018902
211994910
211934056
211958929
212005623
212030244
211927313
211972478
211978157
211978880
211956421
211986537
211983461
211943613
211988700
211935509
212021051
211969273
212012299
211936878
211935518
211978879
212005017
211955007
211971189
211945329
212014467
211968029
211950886
211960649
211925093
212013132
211973228
211946212
211953336
211951283
211982334
211989807
211949413
211950081
211985346
211949163
211975682
211953944
211938003
212009294
212025000
211937468
211970427
211938860
211957804
212023280
211977843
211988997
211967293
211983499
212003469
211954140
211980039
212010627
211918335
211911846
212013297
211989060
211959522
212021375
211939462
211970520
211935558
211970684
211946750
211925552
211971468
211975510
212011557
211989620
211948030
211986948
211970966
212020223
211932810
211946016
211945980
212005504
211950844
211988324
212004983
211973504
211954582
212009464
211956096
212017183
211982230
212024154
211992880
211921927
212001288
211933636
211905618
211992034
211916232
211988628
211982945
211973205
211959869
211910977
211972472
211915940
211982734
211948895
212002525
211997888
212019656
212001425
211960587
211929531
211946518
211966629
211950897
211937293
211975426
211955324
211922849
211915860
211959502
211946063
212025814
212011328
211979060
211990578
212029226
211992451
211981916
212031440
211910532
211939015
211917139
212031366
212013619
212024396
211928930
211936017
211927213
211956426
212029094
211969494
212019252
212019439
211929980
211970147
211924546
211895099
211982727
211990953
212015396
211940093
212075775
211958562
211970678
211938350
212008129
211983544
211926825
211976466
211955417
211973710
211949501
211958252
212005503
211916718
212018959
212027446
211931651
211938988
211989144
211974724
211951824
211916235
211903302
211959487
211925371
212004774
212016785
211920022
211955047
212018728
211914124
211949728
212006723
211953172
211998178
211994672
211998650
211952707
212010154
211914465
211989950
211949039
212011731
211987717
211931411
212013705
211925319
211993420
211911279
211916756
212020360
211996051
211936199
211970613
211993172
212007343
211900619
211905676
212003893
212002216
211983811
211951438
211996321
211930699
211951112
211898716
211957616
211943617
211974687
211939989
211988832
211975518
211915918
211896418
211918605
212006108
211959779
212018862
211980180
211890216
211976838
211926166
212013222
211979250
211936906
212020850
211908085
212026805
211997857
211940224
212014492
211940576
211896450
211951021
211908029
211927269
211941765
212013502
211938911
211980252
211947849
211946732
212016988
211944193
211925698
211931128
211953774
211924377
212017273
212032714
211976535
211953966
211945362
211939364
211990019
212025985
211939094
211978779
211914098
211923230
211886612
211981575
211973218
211984495
211911911
211892898
212022062
211984058
211970517
211936049
211891961
212031837
211924229
211997741
211896912
211953521
211906702
211912940
211913907
211901458
211949049
211932539
211946007
211908826
211961037
211926133
211928486
211925013
212021253
211997061
211954836
211994382
211953263
211967873
212009190
211943550
211938509
211997576
211920710
211995540
211923188
212016014
212031039
211992683
211936741
211897893
211946055
211928526
211977997
211901114
211946708
211920429
211901894
211909748
211901402
211940389
211983023
212028729
211900700
212025613
211934092
211847321
212016828
212031189
211936827
211915785
212015538
211911179
211975504
211907530
211906287
211988831
212017486
211884968
211892510
211913977
211887839
212021901
211981954
211893704
211979237
211896670
211913733
212035051
212028430
211931872
212022052
212005551
211945502
211937242
211915709
211950941
211945445
211907026
212017838
212018903
211937592
211998192
211973760
211991662
211980169
211923569
212017328
211941071
212018005
211903709
212010383
211956610
212027909
211906671
212080687
211921859
211980019
211982810
211939484
211914889
211847798
212006227
211976081
212003318
212085291
212033679
212000760
212003867
211832848
211905265
212009427
212036187
211930233
212002808
211896979
211896596
211958260
211891774
211950716
211981687
211891359
211897821
212012042
211923534
211989185
212032381
211923502
212069223
212085656
211970974
211896805
211995082
211972086
212074153
211838068
211941802
211916505
212038642
212007419
211977390
211895966
211885995
211899790
211913859
212081702
211984130
211925563
211932923
211902344
212027753
211841991
211959786
211901010
211845034
211834355
212023593
211947170
212011394
211998436
211918547
211911467
212075988
211795614
211891321
211988451
211892153
211822797
211908953
211839847
211919747
211898294
212024554
212024569
211939447
212005204
211991549
211907679
211978972
211887287
211900414
211902720
212031993
211949871
211948214
212074908
212132877
211945852
211992423
211936457
211971074
211915085
212011416
211954717
211842439
211906187
211889082
211950696
211909798
211897054
211896957
211954532
212078811
212072268
211981232
211902283
212025597
211892816
211990768
212100611
211795467
211913532
211981243
212008913
211799551
211953567
211912899
211939409
211915935
212021131
212027377
211998837
211841807
211919680
211846954
211991074
211827577
211945337
212015476
211834700
211956071
211805435
212086091
211929493
212103507
211937565
211812724
211892842
211902072
211991772
211817992
212078299
212027544
212123277
211971354
212142153
212016898
212034371
211947006
211803674
211890774
212112321
211899094
211953038
212025207
212069325
211934172
212082288
211937872
211908928
211950298
212112578
211956407
211981509
211971819
211899994
211923388
212086391
211810140
211897713
211935588
211901847
212066424
211799258
211984100
212015504
212070886
211833336
211948267
212077235
211894087
211991806
211902826
212109351
211827123
211966707
212026921
212154066
212077095
212120476
211968460
211938530
212035441
211902261
211956852
211826149
211955381
211952571
211827466
212108286
211810915
211928367
212171351
211896749
211778044
211955365
212088298
211964245
212161536
212026716
211799259
211918998
211773459
211835162
211841501
211920850
211781646
211928574
212129124
211827220
212155860
212007145
211801146
211999343
211938090
211771406
211795569
212095866
211787610
211939350
212027750
211978243
212086697
211938625
211952098
212138965
211944662
211922472
211748286
211952875
212127087
211998019
211790121
211887567
211851325
211910548
211945119
211776073
211975002
212092636
211988080
211938817
212111862
211905009
211981626
212008710
211892240
211973202
211889983
211727975
211980234
212009131
211999627
212012745
211951388
211795051
212078515
211820823
212068782
211936067
211943375
211985684
212103723
211796017
211927174
211923104
212006725
211958800
211998489
211958687
212089563
212148248
212068777
211795706
212069380
211845069
212129540
211781289
212110857
212002298
211912350
211990785
212136619
211974283
211888866
211745306
212158768
211951223
211707676
211896120
212105502
211995609
212133159
211959273
212012721
211738707
211997840
211926605
211789682
212140975
212076402
211937538
211829936
212104191
212147595
212064701
211913669
211708110
212088355
211725787
212083165
211734093
211700306
211729756
211913330
211900943
212106559
212112752
211935711
212112533
211800408
211890182
