63.6346510 23.5749440
65.8430400 21.3790970
67.3816990 17.8931850
66.4481580 18.0172730
72.1755680 21.1010270
69.0219350 15.6840120
62.9842570 23.6363240
65.8452070 19.6586740
62.1508830 23.7686140
70.1061100 16.5136590
72.3041080 24.8028410
67.9045940 17.7097800
71.7060620 17.7483250
66.0705800 18.0029090
60.9126590 19.4550080
58.7559970 12.4855830
57.7629660 23.9036500
73.0980380 18.9969160
67.3791350 16.2447810
71.9241640 26.1502300
68.4049220 21.1508520
72.5029750 16.4120670
67.2117390 16.2890220
64.3547970 19.0299090
67.9686130 15.4994810
61.3569600 19.4421620
72.0036540 17.0560170
72.7601320 14.9713000
67.1199040 17.6959420
77.7904510 15.8159630
72.1276700 16.3885380
66.3106840 18.9735810
64.3672490 14.9010050
55.9461940 20.8600690
67.6411290 14.7481070
53.5440640 22.0725480
56.7482260 15.4047030
58.1709370 25.8045020
58.1779710 25.2072300
58.9037590 21.3134140
58.9882320 18.4323080
59.5599290 12.6280210
59.7901950 26.4762310
59.8091200 22.0438500
59.8126110 16.6644270
59.8609050 23.3854430
60.0649640 19.4101310
60.1873250 13.9063190
61.0447310 15.8060850
61.0533830 18.9957220
61.5860290 19.0275080
62.1674190 23.5571500
63.1973530 22.3908210
63.2734340 15.2477630
63.4681970 15.3650160
64.1059340 14.1714220
64.4487150 13.6617660
64.4650960 15.2271270
64.4815290 14.5462410
64.5449450 23.2846530
64.6410520 18.3646980
64.8741000 21.7538850
65.1151120 18.8971770
65.1224520 21.3786960
65.3962400 14.6952290
65.4096830 20.3028280
65.6786270 20.5701270
65.7974170 21.0589490
65.9861600 18.6389310
65.9892200 22.1816040
66.0309520 22.1188700
66.0872880 19.1807380
66.1274640 18.9868950
66.3542790 17.9153420
66.4243240 19.0132140
66.4459230 17.5446050
66.5904540 18.0002940
66.6984330 21.2349150
66.7631070 24.1043820
66.9020000 19.4456830
66.9197690 16.2487180
66.9956740 18.5002440
66.9967190 18.7590660
67.0154570 24.4021470
67.0452650 16.4709340
67.2506330 16.3463380
67.2542110 18.6737020
67.3014600 15.2738970
67.4124600 22.8827210
67.4822540 16.9140510
67.5020370 22.3751370
67.6591340 22.9080220
67.6775360 14.6615350
67.6875080 22.6300890
67.7324220 24.8381520
67.7959370 16.3958820
68.1207500 17.9046290
68.1576690 19.0467050
68.1888120 25.0928380
68.4081950 16.7625010
68.4283910 18.7664390
68.4810640 18.3807260
68.4863360 16.8690830
68.6341020 15.8275540
68.6663970 15.2090740
68.7087400 20.3945600
68.7637940 24.8540290
68.8048930 22.9890440
68.8685000 15.3992870
68.9667510 19.7958390
69.0003740 16.5407750
69.0173870 18.8885770
69.1283800 19.0908950
69.1584700 23.0419960
69.1622700 18.6157490
69.2259060 24.4988860
69.2715380 20.7181240
69.3412550 19.3548340
69.5440060 15.8215070
69.6039430 17.5424210
69.6808320 21.7373520
69.7280270 19.1822340
70.0381320 25.5925330
70.0529790 19.2861040
70.1375120 18.0284020
70.2580490 19.9094450
70.5784300 17.6939770
70.7122190 19.4871730
70.7173840 23.3395690
70.7436980 20.6048490
70.8531570 24.2966690
71.1182020 17.8530650
71.1464610 17.4511890
71.1823500 18.4082280
71.2509990 17.2722090
71.3317490 13.5742830
71.3856510 16.5982230
71.6131130 17.6266040
71.7872160 20.8823150
71.7906650 24.0200330
71.8156590 13.5571490
71.8508380 22.6635270
71.9820860 25.5797500
72.1239400 20.4460770
72.2482990 15.6048430
72.2939910 13.8114380
72.3994370 21.7608340
72.4024730 17.0330750
72.4915540 27.2102150
72.5694660 20.6258390
72.8899540 14.2864380
72.9549560 17.2737120
73.8118670 21.3639830
73.9274220 27.4773390
73.9444270 21.2472710
73.9544370 24.3627260
74.4907760 14.4520040
74.5926670 19.3171630
74.6590270 16.2223970
75.0136720 15.9147980
75.3166580 16.1446970
77.7870560 17.5740490
78.5985030 20.5315000
130.1578520 18.7001210
129.1430820 17.9576110
130.8154910 20.3337480
130.0888980 19.1817720
130.2811280 21.9157390
134.4679260 18.8352850
129.9794310 20.0650250
130.0025940 19.8065590
130.0054020 20.1356300
130.0929570 20.1067710
130.0734250 19.7875650
130.3576660 19.9435690
129.6012570 20.1060640
130.1064300 19.4757710
129.8767550 20.0690540
130.2188420 19.4832190
130.1327060 20.2016850
130.1320190 19.8502860
130.2013400 19.9219130
130.2900090 19.8551810
130.2929380 19.8186130
129.7083740 20.0676210
129.3664250 19.5625510
130.0946660 19.4647730
129.4442140 19.4383410
130.2286380 19.9351750
130.3624110 19.5424710
130.1770020 19.5660080
129.9618070 19.5505750
129.9406280 19.3669890
130.2917480 19.5089130
129.8125150 20.2107890
130.7747500 19.4375670
129.8007200 19.1156140
129.9919430 19.2016470
129.5337220 20.4395260
130.4167020 20.6721950
130.0153050 19.9165330
129.8105470 20.0220050
129.3426210 20.1770150
129.8540950 19.4593540
130.2160800 19.9417710
130.1107180 20.2536930
129.9239810 20.0282550
129.9680790 19.3126410
130.6850590 19.5799600
129.2978520 19.8036860
130.0545960 20.0578140
130.4325710 20.2268660
130.4395600 19.2672880
130.1745910 19.2237420
130.3584440 19.9875530
130.0417630 20.4189530
130.3695220 19.7466810
129.7713320 19.7573380
129.9383850 20.1242980
130.0574340 19.7488770
129.5333560 20.0640410
129.8980710 18.8769020
130.6343840 19.3961910
130.1640620 19.9399660
129.4773710 20.1367590
129.6367490 19.7738290
130.0789030 20.1918320
130.4057310 20.2102410
130.3351750 19.6229210
129.5594330 19.3653960
130.6696780 19.5431940
129.9209590 19.9913410
129.7311710 19.8426250
129.8435210 20.0819780
129.5624690 20.5678390
129.6627660 20.1707950
129.4876400 19.2362170
130.4732970 19.6085210
129.7786250 20.3484130
129.8397670 20.7581830
129.4265140 19.1337620
129.9047850 19.8161050
129.3662260 19.9035240
130.0654600 19.9150700
129.5281830 19.5716150
130.3142240 20.0377660
129.4670560 19.9871980
130.2242580 19.3789040
130.7364500 20.0717160
129.2040250 19.2573530
130.4339140 20.6044430
129.6155550 19.7654510
130.2609100 20.4577010
130.0103760 19.2777020
130.4765170 19.2574180
129.1390840 19.9150700
130.1578670 20.3382870
130.3898010 19.5500810
129.8199310 19.7952210
129.7628630 19.4043310
129.9317020 20.4943220
130.4972690 19.7458550
129.4786830 19.4860530
130.3330080 19.6346450
130.6770170 19.0997010
130.1844020 20.4718510
130.8649750 19.8279380
129.3508300 19.4169860
129.7671200 19.5226840
130.6282200 19.4919620
130.3909610 19.9690860
130.2248990 20.0901070
129.4880220 19.4638770
129.8691100 19.4736630
129.9698490 20.0181140
129.9767300 19.4603390
129.1130070 19.8651770
129.7621610 19.5325970
129.6829990 19.2940030
129.7923430 20.4083920
129.3877410 20.6694640
129.8136440 19.2865240
129.7910610 19.7830280
130.0265050 19.3073670
129.1300960 19.5926150
130.0933990 20.6408690
129.0798490 19.8985880
130.4560390 20.0767290
130.2362060 19.7347790
129.5315860 19.9878690
130.1193240 20.3124600
129.2646640 19.5359840
130.1274570 19.9330220
129.8611600 20.4311980
130.0070950 18.9998470
130.1983950 18.9033050
130.1954650 20.4747510
128.9977420 20.0779300
129.3647920 19.6175310
129.1668090 20.6099190
129.2039490 19.3164710
130.0173340 19.7844560
129.6561740 19.2579610
129.3520660 19.7866780
129.0595400 19.4250870
129.4474640 19.1068760
129.8944400 19.8000810
129.6234590 19.8624860
129.5340420 20.4461210
130.0633540 20.0872270
130.2787480 19.4436240
129.7633970 20.0437830
130.7779240 19.7915740
131.3770450 20.5901680
129.9440460 19.2177720
130.7756500 19.4144880
130.0173490 19.4139610
130.3369290 20.3466380
129.9019010 19.4855350
130.8134460 20.0655750
130.7522740 20.3377990
130.4239350 19.8326400
130.3049470 19.5430320
129.1742550 20.4110890
129.9992980 19.5667530
130.9035340 20.5401360
129.8789520 19.9671990
129.8834990 20.6556570
129.5895840 20.1373770
129.3329470 19.0533660
129.1454620 20.2752040
129.0374300 19.2300190
129.8287510 18.8101430
129.1905060 20.1239470
130.3080750 18.9691450
129.8158260 20.0705830
129.5047450 19.9786150
129.9461060 19.8276330
130.6821590 19.6231580
131.3250430 18.8903660
130.5645900 19.8160130
129.5025480 18.9647080
130.3699950 19.9755900
130.8979340 19.4565240
129.9251400 20.2958510
129.7298740 20.2191600
129.9637150 20.5805470
129.1716160 20.2777650
130.1394350 19.6336000
130.7600710 19.1675680
129.6727450 19.4217470
130.9863430 19.7256280
129.3181760 19.4862100
129.7302860 19.2838120
129.8410490 19.8612060
131.1327670 19.5548190
130.9363860 19.0662750
129.2343900 18.9633180
129.2251740 19.6171890
129.7113650 19.4150430
129.0262910 20.6833190
131.2544400 20.4422070
130.7104340 19.9177250
130.3854980 20.1019150
130.3085630 20.7416060
130.3519290 20.1304230
130.4320070 19.9621370
129.2797850 20.7788680
129.3842930 18.8839490
130.0029600 19.3096430
130.0452120 18.9825170
130.3300930 20.7775650
130.1991420 20.4799750
129.5192720 20.6597980
129.0373380 19.1585920
129.4010010 19.2650780
129.3599850 19.1321370
129.6733400 19.5716920
129.8252110 20.7392620
130.8341370 19.7690410
130.7019650 20.5734310
129.6921080 20.5767800
130.2179570 19.1744520
130.0560460 19.7788110
129.2366490 19.0911270
129.3878330 18.6543100
130.6245270 19.9754750
130.4951630 20.1075100
130.8243260 20.5103950
129.7595060 19.3262440
130.1509860 21.5617200
130.6417690 19.6034070
129.8725130 19.7866100
131.2746120 19.2993090
130.4496920 20.3896180
130.6567540 19.9886070
128.9153750 19.1268500
130.3616940 19.8768650
129.2065430 19.5563600
130.5568850 19.8357260
130.7720180 19.4651640
129.2332610 19.5991920
130.4663090 20.3466210
129.9405360 18.9761240
130.4252780 20.5688670
130.0704190 20.7117400
130.8433530 19.2002090
129.7126460 19.3093150
130.8345640 20.0793340
129.7126460 19.8505900
130.1735990 19.5002160
131.1153720 18.9693410
129.7406920 18.7752550
130.4782100 19.6169410
129.3793640 19.1039620
130.7105100 20.3344350
130.4065860 20.5334590
130.0238190 19.0251830
129.4192050 19.5509000
130.8542180 20.5653670
131.0797270 18.9361040
130.7849730 19.4683650
130.9618840 20.3657630
130.4058690 19.5205310
129.3961030 20.2240490
130.4665990 20.1669770
131.0967250 20.2321400
129.4576110 19.5140910
131.3583220 20.4229450
129.6057430 18.9416330
130.5693510 20.0923600
130.0646060 19.4586200
129.5304570 20.4487930
130.5879670 20.0557990
130.4556120 19.1963860
128.4099120 20.4812680
130.2769620 19.1029700
129.1875610 20.1460840
129.1779020 18.8952290
129.3627470 18.9766850
130.6891170 20.5926690
130.8980710 20.1895890
130.5535740 19.2677350
129.7789760 19.7855640
130.6541600 20.1421620
129.1644900 20.3761040
129.0503080 18.7354950
129.3627930 18.8109610
129.2357640 20.3194810
131.2029570 20.2905540
130.8859410 19.9925020
130.4607850 19.4943280
131.1698150 20.1936360
129.1517790 19.1852050
128.2957610 19.4894980
128.9173130 18.7078780
128.9471280 19.5896510
129.8271030 19.3789540
128.9594420 19.8500350
129.8140870 19.3245680
130.8338930 20.0738510
130.7177890 19.8626370
131.1370850 18.9640750
130.1399840 18.6744840
130.8973080 19.0039460
129.6057130 20.3558410
130.0403440 19.6214260
129.7664490 20.5673140
130.2908020 19.9353450
130.2304530 18.5830630
128.3525850 19.8827550
130.6280980 19.1160640
130.2721410 20.4734800
129.1270900 19.9205380
130.1143340 19.2780380
130.1456600 20.6010570
129.9169770 18.8470100
130.0706330 20.7001990
130.0339660 20.2185060
129.2611850 19.3284380
131.4412230 20.4947360
129.8155360 19.3340230
130.2444150 18.6750470
129.3245390 19.4880770
130.2435300 18.8461950
130.6675420 19.1330800
128.9884030 19.3517910
130.2396550 20.4781930
129.9273220 19.3080140
131.0885160 19.9366040
129.9098660 19.4408680
129.0138850 19.4246750
130.9037170 20.5372160
130.5992740 19.3867990
130.8161160 19.1092000
129.0945590 19.1914840
130.2971040 19.5296250
130.3295900 19.0885240
129.5056760 20.5415310
129.8423160 20.7995570
129.0476070 19.8778460
130.6707460 19.5329150
129.8823240 19.4048940
129.9188080 19.3149800
129.5911250 20.0932460
129.0647130 20.6860450
129.3904420 19.3109970
130.9658970 19.9136050
130.1176450 18.9358180
129.2127690 19.0718230
130.8038790 18.5308060
129.0358430 19.9570560
131.3431240 19.8278120
130.8052670 20.0044560
130.4025880 18.9043080
130.8943020 18.6222020
129.5103300 20.6212430
129.6720430 19.9964330
131.3596040 19.7843930
130.4723050 19.2655090
130.0711210 18.6082820
129.4550480 20.7852330
130.3142700 19.0862240
131.0485080 20.2166840
129.2105260 18.6817000
128.9994810 19.5255300
130.2321780 18.8261950
129.0792080 18.9189740
130.0162960 18.9326250
130.2219240 18.7483350
130.4507600 19.4586700
130.5514070 19.2135120
130.6643220 19.4144460
129.7372590 18.8582170
128.9381710 19.6405810
129.9152070 19.1156160
130.5836790 19.1515540
130.3320620 19.0984590
129.3685910 20.6079410
129.0909420 20.2054790
128.0744480 19.5470910
129.5280150 20.1623730
129.3851320 19.5216260
130.8849330 19.7438160
129.2495570 20.4065130
129.0673520 19.3779740
130.4328610 19.3022790
130.2420040 20.2139970
131.3433530 19.0356240
129.7384490 20.1815450
130.2806700 19.0712260
130.7296910 20.5206790
128.0113830 20.7724210
129.5518650 20.1340560
128.3249660 19.2757890
130.8002010 18.6958660
129.4658810 19.4149320
131.2856140 19.1522870
130.7577970 19.9012790
130.3987270 18.7430570
131.4641570 19.4243470
130.2948300 19.0316490
128.2821660 18.7543750
130.3779450 18.8718720
129.0360110 18.7474750
130.6236880 19.3312840
128.0078580 19.9797710
129.8636630 20.7330930
131.0711210 18.7366050
129.2996060 20.6798730
131.3609920 19.2368850
129.8777620 17.9809300
131.5081630 20.5342120
129.6421660 20.7747840
130.5479130 19.2770020
130.3347630 18.9619480
129.9693600 20.5128920
130.9778140 18.8935890
129.7258610 19.8623980
129.2151180 18.8386970
131.0551910 18.8198380
128.3914490 20.0737920
129.3025510 20.5448550
128.2212680 18.5081480
129.9191590 18.6163250
130.3440860 18.9338740
130.8793790 18.5485250
128.9854580 20.6186200
129.4555050 19.9628960
130.0800480 18.6340390
129.0184630 19.9202690
128.2032470 18.6779880
128.2732390 18.9302010
129.0135350 20.8377020
129.5994420 20.7280100
130.2923740 19.2037030
130.4735260 20.6210860
130.0441890 20.3473660
130.8906400 19.4068790
129.2743840 19.2830300
128.9358980 18.9606290
129.3599550 19.4868950
131.1867070 19.4061620
129.2443700 18.8311770
128.3062290 20.5503920
130.4021150 20.5678500
131.1516720 19.2882710
132.2047580 20.2242700
132.0982510 19.8365990
129.0933990 20.1186160
130.2938690 19.9351670
128.3100130 19.0768110
130.3228910 20.5425190
128.3625340 19.3413240
129.0665740 20.5531120
129.6347050 18.7813490
131.3582920 20.4273950
130.8027340 19.5747340
128.2516170 20.7194710
131.3377530 18.8257750
131.3664400 21.6535760
128.0787350 19.0524140
132.1437840 19.9326190
128.2176670 19.9766460
131.4700160 19.3168530
129.8779750 18.9481660
130.5730740 17.9874570
131.2675930 20.3577380
128.9449010 19.8709180
129.5706630 20.3098070
129.8988490 21.7392860
130.3179780 20.8152470
128.9669800 20.2663350
130.4239960 20.3190120
129.5298460 17.7824130
129.8589480 18.8047410
127.8744580 20.4104210
129.7358250 20.8577350
129.2644200 19.1781060
128.3478550 20.3009070
128.2620540 18.6826360
132.0072630 18.6771220
129.4433750 19.5992930
131.9535830 18.6054380
129.9236150 19.4834710
129.0067600 19.9587120
131.1505890 18.5992050
127.7455370 18.6947650
131.2754670 20.4537200
129.2151490 19.0764010
128.1392360 20.0801030
129.4576720 20.7946400
130.9315030 19.0758630
128.4457090 21.4410100
130.5842290 21.7455440
131.0291290 19.7917020
129.9006650 18.6802730
131.4187470 20.1737500
132.7076870 19.8101350
131.4528500 21.5323730
129.7577210 17.8557760
127.7126080 19.3524670
129.4898220 18.9731240
127.8046190 20.9001100
130.2960970 20.3773730
129.4581300 19.8913480
129.2656100 18.6673510
132.3615420 18.5220990
131.4036870 18.7236400
130.2630920 18.9319690
130.8440400 21.6717000
128.1949770 19.9977190
130.3999630 19.1070710
130.1093750 19.2194230
131.3122560 18.7611060
131.0513460 20.7169550
130.9294740 17.9083180
129.0587310 19.6214920
129.5337070 18.7416670
130.1510930 17.9501110
130.3589630 17.8035370
131.0028080 20.6459660
128.3234100 19.4306810
132.2082670 20.4433330
129.1179350 20.2285920
131.3299100 19.0030210
127.7141880 18.8976520
129.2409520 21.5654960
129.4546360 17.2550050
131.4035800 18.5987030
130.0477450 20.0675830
129.5902560 18.6110940
130.4103700 17.6400050
130.6885530 18.8600770
129.0501710 17.8796460
129.6551360 19.0211320
128.2071380 18.7017440
129.6903990 20.6622010
127.7400130 20.6624620
130.9969180 19.3161620
131.1437380 20.3415390
129.0849910 20.1167760
129.0879820 18.8410260
132.0310520 19.9164450
130.6596370 18.5410880
128.2319180 18.7328300
130.5428920 18.7667730
129.7282100 20.7880270
132.0206300 19.4704970
130.5066530 19.4461400
129.6174620 21.5461250
129.6395420 22.6763940
130.4490360 19.4121820
128.2810820 20.1300580
130.9860690 19.2716880
131.1105500 19.7933100
132.1252900 18.9509680
128.2851870 20.4437180
130.5186770 19.5452140
129.1158910 17.9148580
130.1646730 18.8182850
127.4877620 18.5666750
127.4945600 19.4830740
131.1134190 18.8724380
130.5530090 18.6836410
127.8621140 18.6823500
129.0682980 19.5420270
131.2244720 21.6184810
130.4309230 21.4973410
128.3937840 19.9516490
127.9761350 18.7600540
129.0806730 20.6796510
130.2639010 18.6210750
127.1122280 20.1047610
129.3434910 22.0334380
129.7319340 17.2526660
130.0826110 18.9273050
132.6505580 19.9518700
132.0009920 20.4018990
129.5296170 17.3105750
130.7948000 19.5262870
130.7732090 18.9183480
132.8576970 19.3156740
131.3840940 18.9644810
128.3093870 20.6059070
132.6469880 20.7104660
132.3501890 20.2351460
129.6665040 17.9058360
131.0162660 19.0202410
129.0019530 17.9759200
129.3552550 20.1097300
130.8111270 17.7083850
127.7508700 19.4044610
130.7361760 20.5117380
129.6853330 17.8081800
126.6450730 19.5662800
129.6369930 17.3939020
130.7620700 21.7538010
132.4974060 19.1669560
129.8388060 22.0890880
129.0413210 19.2879600
129.6631320 17.4968240
130.5305180 18.6213720
129.2254490 18.7568510
129.0662540 20.1202550
130.2885890 17.5714020
131.5383150 21.6080270
128.3080750 20.7134250
130.2448880 22.4805550
127.9185640 19.7983970
129.3815000 22.8665410
129.3350070 20.5355320
128.9872890 20.8263190
132.5772550 19.4285220
130.0002590 17.3683340
130.6336060 18.5911370
130.2984470 22.2643780
131.3571170 18.7133500
130.8268130 19.5188450
127.4350430 20.6731010
132.0481410 21.4431020
130.2454380 19.2379840
131.1358030 21.6831470
130.6753230 19.2922940
130.7070010 18.8597370
130.7922060 19.4766810
130.9116670 22.2692090
129.7230530 19.5713670
128.1644590 19.9561900
126.9622960 19.8057770
128.3675540 18.7267570
129.0101010 19.0740340
129.6994930 21.7592890
130.3121190 17.4601710
129.3725430 18.6932200
127.0841830 19.2585330
130.8942570 18.7538530
130.7522890 21.3911510
128.2461550 17.3065470
130.4497380 19.9972480
131.2610020 20.5121590
131.2660060 21.4717140
129.9043270 17.7888530
130.2801820 19.4469180
127.7935260 21.5895630
129.8307190 18.6395660
128.2482760 20.1208080
130.5918120 18.7682950
128.2420200 22.2056600
129.2461090 17.7017500
126.5727310 19.7266100
128.3142550 20.7024920
130.2409970 23.1213780
132.3188170 21.5867610
132.2098080 22.4255470
132.1274110 19.7520200
130.2631230 19.3025840
128.1351780 20.8447280
130.3708190 18.7597540
129.9999240 19.5779150
129.3451390 17.6875760
131.3102420 19.5557230
126.4234390 19.5118060
132.8913120 17.7067760
130.5327450 22.1847690
127.6610570 17.4720690
132.0425420 19.1499840
128.3595430 23.5200820
130.8497010 18.6792090
131.2687840 17.0047450
127.7311330 19.5554960
131.0455470 21.7939990
132.5570220 19.6900220
130.0146330 23.2881580
132.2496030 20.6987630
127.8935550 17.3065490
132.7495120 19.0098800
132.1362920 16.9398960
130.2573390 17.8143290
131.0498350 17.9021870
130.5801540 19.0374510
130.3241420 17.0557330
131.9605100 19.1530670
131.1064910 22.5997710
127.3241960 17.7032050
128.3156740 23.1620460
130.0056150 20.3729440
129.3452150 17.3332600
126.9608460 20.2434160
126.1385350 19.2953380
131.3928830 16.9110130
129.5568540 17.2543770
129.7340090 21.9408650
127.7323990 17.1396260
130.5546720 19.3146970
132.3115390 20.7169210
127.0041200 19.9047930
131.1687010 21.7649440
133.4444890 19.3039630
129.8030240 19.5046980
130.3909760 22.7988010
130.7765810 19.3941380
133.0605320 19.0608430
127.7816470 16.5844730
130.9914250 19.5164720
132.0615390 22.5590500
126.3543170 20.2215940
129.9859770 17.1759970
129.0969850 18.5450780
128.1867070 18.0361460
131.3381960 18.8843100
129.9715270 19.4010470
129.6036220 16.9767570
132.8467560 19.8550950
134.5216670 21.8795170
131.9780270 20.0619110
131.3014830 19.3068730
126.5051120 22.2555600
130.9506230 18.8007580
129.2818910 19.9576340
133.7593380 20.3983520
132.0938570 18.6124170
132.0053860 19.8275490
129.1962890 18.5796830
129.9942780 16.2962230
127.5110630 19.9364170
127.8997960 20.4053480
133.3876190 20.2482410
127.1027300 20.4650120
129.4789430 19.4936050
130.6168670 17.2468070
127.7021560 21.6125930
126.3072430 17.6126000
129.5953980 21.4334890
130.4126130 19.2657740
127.6774370 19.3752250
126.0388950 20.0236090
128.3414150 22.0929070
126.6387560 17.2608380
131.9743350 19.1314810
133.7935790 19.0699410
126.3426510 20.3657680
128.0305630 19.6066930
129.2976530 20.2294250
131.4498750 19.6052110
133.6200710 21.8183800
131.5429380 22.9957890
132.0546880 21.4334530
129.5188750 17.2565060
127.8744580 21.4441200
127.5122530 17.9505920
132.1084750 22.6086940
129.5322110 17.0506690
132.8202670 22.2351890
129.8317110 20.2918340
126.3172230 18.9108030
130.3309780 20.1050610
131.0731200 22.7511430
127.0872340 19.8440440
127.4309230 18.5633950
131.0488430 16.5423600
127.5505750 23.2269420
133.1652980 19.4912680
130.2268070 16.0168860
130.3848270 18.6696570
130.2926790 22.1292530
126.6466900 20.1823920
129.4886630 22.6820620
129.7430270 19.6137710
129.8285980 20.4644660
132.3349000 16.4484420
126.8777010 20.2182880
135.0442660 19.1231580
133.3193510 17.1694770
132.5922850 22.8408700
130.3584290 21.5736960
134.0072170 19.2876400
133.2682800 17.7419850
126.9922100 22.1020700
126.4765700 22.9811950
133.0143890 21.3602680
130.6456450 18.9293920
129.1556090 16.0223620
127.1456220 21.7951150
128.2986910 16.2642800
133.6906430 21.6994400
129.1356810 16.3839910
129.0605320 15.9199010
127.6465150 16.3215430
130.7378540 18.9242900
128.0331570 18.7407570
126.8789220 22.1500930
132.3419950 22.2727740
129.9018100 19.2605080
129.2059780 22.2683980
126.7782520 17.3225920
131.4203640 18.5826240
52.9576840 22.8402330
53.0327490 23.2326550
53.1575360 23.4331510
53.1762540 23.5667950
53.2742500 22.1342450
53.3078310 23.0064140
53.4574810 22.9389190
53.5806310 22.8118040
53.7289770 22.0796260
53.8177530 23.7995030
53.8820610 22.8235870
53.9343990 22.4527870
53.9433140 22.4139120
53.9509320 20.1287170
54.0460850 23.8065170
54.1014060 22.6237930
54.1262590 24.0121750
54.1599660 23.1456930
54.1837810 22.0275380
54.3188290 23.1846050
54.3501930 22.3509920
54.4044760 23.1828100
54.4222640 22.2887250
54.4850460 23.3824830
54.5940780 22.4996850
54.5974350 23.1080550
54.7925070 19.9252780
54.8846400 24.2670570
54.9279630 23.9077630
54.9341320 22.1293830
54.9366040 22.6543270
54.9430850 23.9814170
54.9498560 23.8492180
54.9611280 23.7646310
54.9800070 24.2150990
55.0291790 22.6465890
55.0295750 24.2176740
55.0663260 24.3754600
55.0785030 23.9065700
55.1067050 24.1000860
55.1099660 24.0899790
55.1123050 24.2373600
55.1279910 24.4872360
55.1312260 23.5506380
55.1431540 23.6826080
55.1471600 20.9657730
55.1643640 23.4430920
55.2057720 21.2154670
55.2101550 23.4184680
55.2127690 20.6882320
55.2136190 23.5984130
55.2516100 24.2264610
55.2624090 23.7226980
55.2717320 23.8375910
55.3061900 20.8548010
55.3075290 23.3849370
55.3305930 23.8617250
55.3434790 24.3977570
55.3453370 23.9300750
55.3477210 22.0317380
55.3581500 23.2600330
55.3597950 23.1341570
55.3619840 24.0173780
55.3659100 23.7083170
55.3799550 24.0569400
55.3949550 23.6377300
55.4116630 24.3859670
55.4149320 23.7630810
55.4443660 23.0221860
55.4539640 23.0565400
55.4645650 24.3243290
55.4705470 24.1236170
55.4735600 23.4579960
55.4863170 23.9787270
55.4943540 22.9505440
55.4945070 23.7073310
55.5015030 24.1702540
55.5119440 24.2100940
55.5121920 23.9316520
55.5137710 24.5370770
55.5368310 23.5880720
55.5455060 24.0857470
55.5561680 24.3138430
55.5578690 20.3622300
55.5640110 23.1919980
55.5745430 24.1160640
55.5897710 24.6646630
55.5999870 21.4734940
55.6094400 23.8607430
55.6095280 22.8946500
55.6094930 24.2355270
55.6137660 22.5735780
55.6225780 22.7905770
55.6237560 20.8111340
55.6415020 24.1835590
55.6511230 23.3680520
55.6675910 23.9893630
55.6715430 24.0286200
55.6743660 24.0043930
55.6745950 24.1994670
55.6765790 23.3393330
55.6848410 23.1045680
55.6852380 23.9710010
55.6901780 23.8230360
55.7037540 23.5802140
55.7046130 24.1710760
55.7153130 23.1455760
55.7296410 24.4930780
55.7355920 24.0828020
55.7356570 24.2293800
55.7441250 20.2125610
55.7467190 22.9008980
55.7489620 22.4242650
55.7551990 24.2479150
55.7622640 24.6697620
55.7674790 22.8009660
55.7738300 21.0304150
55.7770540 22.2970750
55.7906110 24.6925320
55.7985000 24.1146320
55.8004950 24.7459240
55.8044510 24.6554370
55.8191380 23.8338470
55.8291820 22.7862990
55.8292920 22.4492420
55.8357160 24.4430960
55.8522340 23.2259310
55.8540530 23.8671590
55.8547940 22.8957200
55.8601460 22.7118760
55.8623470 24.4528080
55.8643040 22.6281600
55.8745190 24.6565860
55.8831440 23.6740420
55.8933070 23.7619000
55.9023550 23.2095510
55.9024810 23.4539390
55.9028850 24.2323090
55.9038310 24.3939760
55.9045980 23.6422960
55.9126400 23.7348560
55.9154850 23.6924170
55.9255830 24.5731960
55.9297640 24.5489460
55.9313280 24.2139660
55.9321210 24.4877240
55.9373860 23.0558850
55.9478450 23.2117920
55.9524960 23.5393850
55.9612770 24.2474800
55.9656330 24.2378100
55.9673000 24.8416160
55.9820440 24.4264070
55.9874730 23.9516640
55.9886400 24.2223570
55.9950100 23.8827300
56.0024300 23.5439260
56.0069660 23.8628480
56.0148050 24.5042360
56.0201720 24.2755220
56.0366900 23.0799060
56.0387840 23.1464250
56.0400010 24.5895560
56.0413060 24.2677940
56.0456050 24.8127820
56.0466770 23.3793450
56.0496100 19.3053630
56.0505490 23.8770870
56.0544280 24.0308060
56.0579870 24.7793870
56.0610620 24.1018830
56.0739710 24.4463920
56.0794140 24.5884610
56.0820080 23.8960970
56.0836940 24.7961750
56.0854420 24.7728600
56.0860520 24.2530480
56.0869710 23.5609190
56.0912630 24.7684140
56.0922240 23.1819730
56.0961000 24.0682830
56.0981060 24.1326660
56.1030390 24.8647460
56.1033940 24.7684140
56.1066360 24.6813340
56.1094890 24.5897100
56.1105460 24.4865440
56.1120070 24.4088150
56.1137580 24.8439810
56.1145480 24.2381290
56.1162990 23.9999770
56.1167030 24.1715560
56.1170200 19.1850030
56.1321070 23.5906510
56.1332440 23.8752020
56.1475300 24.0013350
56.1511570 23.5030800
56.1573640 24.4274810
56.1573910 22.9210360
56.1622580 23.0404070
56.1651270 24.5289380
56.1698040 24.8185390
56.1742550 22.4645560
56.1922420 24.3841920
56.1971820 24.0105320
56.1993220 24.2146630
56.2090720 24.9111270
56.2202380 21.5712570
56.2243390 23.9212780
56.2253990 24.4463810
56.2333450 23.9316790
56.2350010 24.4326020
56.2361640 23.6065980
56.2389870 23.9923970
56.2417260 23.4086860
56.2440760 23.9280620
56.2456440 23.3889310
56.2477990 23.3551250
56.2547110 24.7781070
56.2568970 19.5593680
56.2636570 23.8393990
56.2772480 24.2635150
56.2782820 23.6143680
56.2861630 22.6418570
56.2911760 21.7045880
56.2950590 23.0495640
56.2999570 24.5861820
56.3003080 24.5051100
56.3006170 23.3647900
56.3017880 22.6975360
56.3025320 23.8959180
56.3047330 24.2566220
56.3058590 23.5169300
56.3172450 24.1211450
56.3183820 23.5671860
56.3193630 24.5756870
56.3369140 24.9220660
56.3403020 24.5437200
56.3424380 23.4717160
56.3478850 24.8508000
56.3505330 24.8859830
56.3532330 24.3459680
56.3582080 23.4301800
56.3589170 24.0351520
56.3606340 22.5256230
56.3646160 23.6325760
56.3759840 24.3126340
56.3872870 24.3032250
56.3916320 23.1852380
56.3935660 24.4633030
56.3975110 24.0831990
56.4030300 24.6518520
56.4124300 23.9503150
56.4136810 24.1390630
56.4173970 24.6272370
56.4224780 24.2885950
56.4254990 24.9060100
56.4268840 25.0570870
56.4336660 24.0741060
56.4455380 21.7470530
56.4533960 23.1471480
56.4556880 24.4186730
56.4638480 24.2957020
56.4697720 23.4650940
56.4791680 24.2239190
56.4873160 23.0247800
56.4878230 24.3503110
56.4912570 24.1447700
56.5114940 23.7373910
56.5123140 24.6821670
56.5143620 24.3492280
56.5171780 23.4055180
56.5178830 23.9280170
56.5189780 24.1655860
56.5218510 22.9816150
56.5235060 24.6123810
56.5236890 24.6138780
56.5271000 24.5674300
56.5287740 24.5628190
56.5313450 24.3743780
56.5323980 24.8668670
56.5348360 23.3475110
56.5362050 24.6759150
56.5399440 22.7104050
56.5411570 21.0979900
56.5412450 24.6736320
56.5418430 23.3400080
56.5489650 24.6223200
56.5527530 23.5872080
56.5536350 24.0543750
56.5576970 22.7055190
56.5747530 24.6860290
56.5805630 20.8797780
56.5808530 23.0155330
56.5826990 24.9837700
56.5853160 24.7854880
56.5889930 24.5646100
56.5891150 23.0859220
56.5900880 23.0669880
56.5935940 23.4856280
56.5944560 24.5701410
56.5959510 24.6050590
56.5977550 24.0309490
56.6004750 24.5036260
56.6026120 24.4795930
56.6050030 21.4383350
56.6058080 24.1601390
56.6125260 24.4540200
56.6139490 25.1355320
56.6153640 23.8126950
56.6157190 23.5927100
56.6183930 24.4339390
56.6192860 24.7590010
56.6238330 21.0380820
56.6292270 23.0263600
56.6299210 24.1173520
56.6369630 23.3053130
56.6450160 22.9354840
56.6472020 23.4117220
56.6480330 24.0265500
56.6502570 23.0715050
56.6553540 24.3435310
56.6569790 23.7877430
56.6573910 24.7476900
56.6599730 22.9197790
56.6615600 24.9596420
56.6620410 24.5203130
56.6638910 24.1032010
56.6641240 24.0296920
56.6666490 23.1103360
56.6676860 23.4977400
56.6677400 24.9310720
56.6683310 22.8444020
56.6799130 23.6228410
56.6816750 23.9951400
56.6865840 24.7496130
56.6960830 22.9145620
56.7032470 23.0687050
56.7050590 24.6000440
56.7086750 23.5323200
56.7191580 23.6453820
56.7206800 24.2522240
56.7219430 22.8809260
56.7234040 24.2875290
56.7239300 23.5835550
56.7248150 24.1326010
56.7251170 25.2458290
56.7286380 24.4666650
56.7288250 24.7963520
56.7304310 23.3804440
56.7304650 24.1880170
56.7379070 23.2506770
56.7423290 23.5608650
56.7427330 24.0281960
56.7439000 24.4611450
56.7471280 24.0285930
56.7474940 24.5201240
56.7478030 24.8795620
56.7512130 24.4735700
56.7541470 24.9826350
56.7559010 23.4949890
56.7576640 24.2245450
56.7597350 23.5434130
56.7647970 24.8199270
56.7649350 24.1596720
56.7782480 23.7151580
56.7806020 23.2263510
56.7828140 24.3938690
56.7839130 24.3068600
56.7855760 23.7107930
56.7882460 24.0522120
56.7893220 23.7422140
56.7896230 23.4323770
56.7918850 24.2766490
56.7959180 24.2310350
56.8063890 23.7142980
56.8069230 23.8315300
56.8136900 25.1154120
56.8140450 23.4350430
56.8143620 24.3919660
56.8184970 24.7473180
56.8190270 24.1283490
56.8252560 24.3907680
56.8255460 24.2309420
56.8367920 25.0867690
56.8417280 23.3601930
56.8432200 24.2385790
56.8444860 23.7353100
56.8454090 22.9221210
56.8457410 24.8490010
56.8493800 23.1492180
56.8546490 24.2548260
56.8573490 25.1425820
56.8615110 23.6340940
56.8617780 23.6783370
56.8670770 23.4482190
56.8684230 24.6759300
56.8732680 23.8804590
56.8746760 23.5542160
56.8774800 24.3705650
56.8797070 21.1809620
56.8818210 23.8720550
56.8833240 24.1736090
56.8839000 24.4051630
56.8840940 23.3065490
56.8893970 23.6925300
56.8903160 24.6842040
56.8923340 21.7468110
56.8949200 22.8013520
56.8993910 24.8741470
56.9001390 23.4741760
56.9068830 24.4064880
56.9083560 23.4680390
56.9085460 24.8197800
56.9086800 24.8918650
56.9139400 24.4590110
56.9157220 23.0013240
56.9182280 24.3019450
56.9185260 24.3645520
56.9207150 22.9299770
56.9215770 23.7403010
56.9226530 23.9719580
56.9360280 23.7009390
56.9412920 24.6337550
56.9493830 25.2262570
56.9504620 23.2180810
56.9573820 24.4287200
56.9622990 24.5052570
56.9664610 23.6634060
56.9688570 23.9412400
56.9702570 22.9928280
56.9803120 23.3183380
56.9859500 24.2589040
56.9917530 22.1142010
56.9973560 24.5937140
56.9989170 24.7313000
57.0207210 23.4038470
57.0242460 23.0341320
57.0244290 23.8836420
57.0276680 24.0019440
57.0319560 25.3153060
57.0331880 23.7399460
57.0372890 23.7065540
57.0383910 23.9780310
57.0423890 23.0011290
57.0423740 23.9890170
57.0457380 23.5070110
57.0475580 20.7785210
57.0554470 23.9797520
57.0564880 24.3184130
57.0573840 23.6332240
57.0634800 23.4349120
57.0635720 23.7009930
57.0645030 25.2435380
57.0670050 23.5876640
57.0703160 25.2151280
57.0704270 23.6367860
57.0713160 23.8903690
57.0720480 24.5044420
57.0723530 23.8066410
57.0733490 22.0670300
57.0737300 25.0478520
57.0750240 23.8914640
57.0825960 23.6033480
57.0845220 24.9153420
57.0857470 23.5171320
57.0897030 24.5788270
57.0943450 22.8726810
57.0945590 23.4619750
57.0947950 23.9725930
57.0950390 24.8148750
57.0996480 23.1356890
57.1051250 24.2406140
57.1062660 22.2115730
57.1085010 25.2447240
57.1090280 24.0483720
57.1107670 23.1916520
57.1167830 23.3007580
57.1239890 23.9683550
57.1253970 24.3455240
57.1293870 24.2815150
57.1326330 24.0330560
57.1407320 24.0331000
57.1437840 23.4347880
57.1466060 22.8951490
57.1478390 24.2009350
57.1637420 24.8389510
57.1662640 24.2119220
57.1684230 24.6095260
57.1691400 25.0222680
57.1707190 23.2382430
57.1756130 25.0079100
57.1828990 23.2598190
57.1834950 25.1063040
57.1861840 24.6232620
57.1889530 24.6240350
57.1892620 23.3389190
57.1941030 22.0702190
57.2009090 21.4113410
57.2032470 23.4134410
57.2039830 24.2673870
57.2055170 23.9772590
57.2110750 23.0751020
57.2318420 24.3612420
57.2389370 24.3288570
57.2428510 23.0942040
57.2436830 23.2011680
57.2540360 24.9028890
57.2541660 22.9804210
57.2547680 23.6377240
57.2597270 23.2524550
57.2623180 21.9131200
57.2743720 23.7398130
57.2746510 23.1060790
57.2754550 23.7812460
57.2959590 24.3476010
57.2968220 22.1767640
57.2969820 23.5552430
57.2989040 24.6365800
57.3007770 23.8867970
57.3012700 23.2283480
57.3141140 24.5673100
57.3150480 23.3804190
57.3183750 24.0636920
57.3200110 24.3961330
57.3200110 24.0163560
57.3358150 24.7766690
57.3385200 24.6947500
57.3395200 23.6518360
57.3437770 21.6323340
57.3502120 23.8392620
57.3564300 22.3124290
57.3566590 23.0473160
57.3649100 24.4038430
57.3651620 24.5317190
57.3697510 23.7122080
57.3741800 23.6487690
57.3800580 23.6888690
57.3839840 23.2717320
57.3855550 23.9285130
57.3856770 23.4114700
57.3863530 23.3804040
57.3876420 24.5340630
57.3879930 23.7954010
57.3954580 23.4546890
57.3989560 20.1080420
57.3995060 22.1514420
57.4141430 23.2901190
57.4209440 20.3243030
57.4213680 23.2498950
57.4237440 21.9387590
57.4261510 24.4630030
57.4279290 24.3188320
57.4313770 23.7118550
57.4518130 22.1801640
57.4598120 23.7055990
57.4598770 20.9667640
57.4658240 21.3073160
57.4811590 24.1014560
57.4835850 20.3813230
57.4853900 23.2186240
57.4901240 23.7245770
57.4918900 23.8486940
57.4930650 23.7094350
57.4980550 24.1961500
57.5090370 23.8624800
57.5207860 23.3048800
57.5210610 24.1239600
57.5350460 25.5489100
57.5510600 23.9958970
57.5518110 23.9268380
57.5614430 25.4250560
57.5635830 24.2267530
57.5736310 25.3795740
57.5887600 23.0963840
57.5954550 22.1883260
57.6039700 20.7050170
57.6047590 23.9283410
57.6139220 23.3792420
57.6159170 23.0653500
57.6330990 22.1466050
57.6410600 20.3274360
57.6488460 25.4264980
57.6558570 22.4689940
57.6620900 23.2174490
57.6637500 25.3937450
57.6669650 23.9330560
57.6716380 25.6585660
57.7143400 23.3292030
57.7184520 23.9614750
57.7263600 23.8348670
57.7358890 25.5851610
57.7423320 23.9285760
57.7596360 25.0554620
57.7636180 23.5834790
57.7662930 22.4047530
57.7795680 23.3494010
57.7994730 23.7454030
57.8003080 23.9326400
57.8076970 25.3865600
57.8159180 23.2822740
57.8192290 21.0597500
57.8201940 23.8265780
57.8311420 23.1638090
57.8422320 25.1661420
57.8494720 22.1133750
57.8495520 25.0980190
57.9016880 25.2280060
57.9084550 23.1831470
57.9127770 23.3679500
57.9185300 24.9831910
57.9253730 21.6683440
57.9630200 23.2947790
57.9647520 23.5804140
57.9647980 21.8214170
57.9662130 21.8227710
57.9771270 23.5587980
57.9889070 23.3394220
57.9950640 24.6679310
57.9971580 24.6664090
58.0068240 25.0248660
58.0094030 24.6632420
58.0109520 25.1042060
58.0149000 25.0205520
58.0182270 21.7609000
58.0232050 22.5820480
58.0277330 22.0207390
58.0331150 25.4652190
58.0467030 20.8760760
58.0730970 24.4554810
58.0769160 22.0149150
58.1023790 21.5063110
58.1306800 25.2521210
58.1436040 22.5021420
58.1471330 25.0179940
58.1621250 25.8404600
58.1801220 24.4663120
58.1852870 24.3498880
58.1889530 25.2798670
58.1902430 21.6887860
58.2028770 21.7077980
58.2154810 22.5257850
58.2208440 21.7818830
58.2329860 24.9616640
58.2374000 22.4337160
58.2431220 21.0889990
58.2448810 25.4387090
58.2464260 24.9015390
58.2713390 25.0710410
58.2803150 25.7893510
58.3488080 24.0650690
58.3520430 25.0353390
58.3814930 20.9575460
58.4206470 24.4193940
58.4292340 20.8334790
58.4482690 23.7419590
58.4594310 25.9646380
58.4700970 22.4185300
58.4921840 20.4804740
58.5015560 24.5805640
58.5028950 23.9833350
58.5371550 24.3336870
58.5478480 25.3119540
58.5563200 20.9774060
58.5649990 24.3460580
58.5783690 25.4952580
58.5899390 24.0757010
58.5936320 23.6367360
58.6042940 24.7121470
58.6051790 24.3600790
58.6159740 21.3897630
58.6164930 23.8353750
58.6171190 23.9434410
58.6185420 24.3211360
58.6400180 25.6788290
58.6449810 21.8839090
58.6629980 24.5985090
58.6932070 25.0498490
58.6938550 25.5264510
58.7190210 24.5762410
58.7417720 25.2414910
58.7875060 24.0839600
58.8067280 19.5046810
58.8155710 19.6295910
58.8626980 25.2461490
58.8708690 23.7724380
58.8830950 21.0795100
58.8934060 23.9746060
58.9146000 21.2727870
58.9529720 23.9267770
58.9850160 25.3000280
58.9897190 21.1775020
58.9933430 24.5499440
59.0189090 21.5451770
59.0472640 20.5750560
59.0474170 25.0602090
59.0512240 21.0408210
59.0658110 25.4876540
59.0774540 23.9644010
59.0929370 21.1214430
59.0979040 24.8324180
59.0996700 19.3982750
59.1040760 23.0908010
59.1080440 24.2810000
59.1204220 24.0317820
59.1991650 22.7689340
59.2081410 19.9304080
59.3201870 24.0092050
59.3756290 25.2797240
59.3833390 22.4334090
59.3877260 23.9465180
59.3888020 24.0531860
59.3941610 22.9257180
59.3969150 22.9856200
59.4003070 23.9312150
59.4194220 25.2678970
59.4290350 25.3852710
59.4556810 22.1420420
59.5081560 23.8985770
59.6047210 24.0163540
59.6290740 23.0702860
59.6423650 22.6698550
59.7762530 25.0556180
59.7793540 22.4634840
59.8038180 24.2885170
59.8193320 19.7409900
59.8454060 22.5713860
59.8621600 21.8052850
59.8646890 23.1237850
59.8810580 21.2719000
59.9159200 21.9077490
59.9277310 21.2042710
59.9993550 22.0915910
60.0428430 22.0381970
60.0660590 25.0295850
60.1089170 23.4382500
60.1676600 23.4484160
60.2213170 23.1939220
60.2671890 20.3726220
60.2973060 22.1773190
60.3082350 23.1750640
60.3585010 21.5858270
60.4548340 22.1681860
60.4622540 22.9877700
60.4827080 24.7340660
60.6448820 23.1413020
60.7081640 23.5108180
60.9326320 23.8965030
60.9564930 23.7206130
61.0351520 20.4693220
61.1449240 22.0462970
61.3071210 22.3051930
61.4586300 22.5984080
61.6189040 22.6166920
61.6248860 22.5621950
61.7334790 22.0346490
61.9545020 21.0182020
62.5158620 23.8122140
238.6638180 -22.2837470
238.7515260 -19.3829190
238.7588810 -21.8287540
238.7590180 -23.1638700
238.7713930 -20.4355130
238.7760310 -25.3528250
238.7855070 -23.3141940
238.8209990 -23.3712840
238.8232730 -23.3677080
238.8248290 -21.6511000
238.8433070 -19.6508100
238.8742070 -25.7472210
238.8775020 -23.7559070
238.9136810 -20.8853680
238.9225310 -20.7208560
238.9262080 -25.7799430
238.9297640 -24.6287610
238.9353330 -22.1118350
238.9534150 -25.2066780
238.9624330 -25.3276160
238.9696960 -20.5260050
238.9717100 -24.5236760
238.9786830 -26.0739650
238.9833530 -20.7551990
239.0043330 -23.6355880
239.0155330 -24.5318010
239.0507200 -23.9021340
239.0858610 -23.6027870
239.0975040 -22.9969790
239.1032260 -22.4320160
239.1038210 -25.6889530
239.1046140 -20.2710530
239.1067960 -22.6742250
239.1150970 -23.6478120
239.1230770 -22.9495110
239.1427310 -20.0592400
239.1674800 -23.1580910
239.1768650 -20.6594960
239.1987300 -19.8354450
239.1993870 -23.1840740
239.2310790 -22.9778980
239.2381900 -19.1274640
239.2470550 -25.6482050
239.2535710 -20.4165360
239.2538760 -20.4133820
239.2560880 -20.7718120
239.2597500 -19.8450430
239.2653810 -23.0800900
239.2767490 -22.1016940
239.2855530 -20.3717630
239.3032990 -23.7296050
239.3148650 -25.2536980
239.3197630 -25.4886990
239.3378910 -22.0369490
239.3496400 -20.8626170
239.3522950 -20.6439530
239.3572690 -23.9061950
239.3687130 -22.3180850
239.3744200 -22.9788460
239.3929600 -23.3534160
239.4034880 -24.8841360
239.4049380 -22.7569920
239.4116520 -24.4091550
239.4139860 -22.3492790
239.4185940 -20.9830820
239.4269710 -25.8598730
239.4270780 -22.4348680
239.4442440 -22.4889560
239.4453740 -22.6733760
239.4482270 -24.7367120
239.4533390 -23.5273020
239.4584810 -23.0859780
239.4744260 -23.2981010
239.4748540 -23.2949160
239.4768520 -24.8451060
239.4834750 -20.5862450
239.5266720 -23.6783050
239.5289460 -26.3963050
239.5500180 -24.8388330
239.5529630 -23.4768120
239.5550380 -18.8861520
239.5655360 -20.3602280
239.5785220 -19.2624630
239.5794530 -20.9066930
239.5849150 -19.0923790
239.5877990 -20.0871070
239.5973970 -21.8663460
239.6189880 -23.5719890
239.6266330 -20.8933280
239.6499330 -23.8038040
239.6508180 -19.7704200
239.6508940 -23.8005490
239.6538390 -22.9542600
239.6662290 -23.1196310
239.7005460 -21.6927450
239.7425540 -23.0764430
239.7530360 -23.3074050
239.7580570 -26.2758200
239.7860260 -26.0151250
239.7995450 -26.5835740
239.8018650 -22.6139490
239.8105010 -26.1050610
239.8266300 -22.1786060
239.8455510 -21.8921130
239.8579860 -23.0856110
239.9086300 -26.0565240
239.9564510 -25.6761820
239.9578700 -25.9329220
239.9604340 -19.7437080
239.9695740 -25.4414460
239.9977570 -22.3305570
239.9998020 -22.3435520
240.0015260 -22.5498500
240.0293730 -23.6802010
240.0507050 -21.9509090
240.0653080 -22.5328030
240.0720670 -22.6139970
240.1096340 -22.9948040
240.1112520 -20.9421140
240.1213840 -19.8816130
240.1227420 -20.3815590
240.1259770 -23.5793650
240.1306300 -20.4514080
240.1351010 -25.0068230
240.1439510 -19.1377470
240.1477050 -18.7661420
240.1499790 -20.1986240
240.1689760 -22.0089510
240.1722720 -22.6782300
240.1777190 -26.3915560
240.1795650 -24.5140170
240.1858980 -24.8428130
240.2071840 -23.6453090
240.2078860 -19.4667850
240.2196810 -25.3952100
240.2201540 -24.6773320
240.2716220 -22.4586600
240.2751920 -22.2567940
240.2873840 -26.7529320
240.2932280 -22.3743460
240.3083190 -25.2745400
240.3199920 -22.3339480
240.3298190 -23.1109450
240.3430630 -19.6228620
240.3568120 -22.6778740
240.3605350 -23.0262090
240.3610080 -25.1985020
240.3743290 -22.8106990
240.3936310 -20.6337660
240.3970490 -24.7268300
240.4202880 -22.9696060
240.4207610 -20.3688890
240.4476620 -20.8293840
240.4487300 -24.6836470
240.4562840 -22.3458820
240.4564820 -23.8522780
240.4645390 -24.7569540
240.4853060 -21.6177390
240.4902950 -18.7282980
240.4925990 -20.1366710
240.4956050 -22.6769410
240.4994510 -18.7293360
240.5016330 -22.3566270
240.5179140 -22.5296920
240.5178990 -20.8451580
240.5215910 -23.5185950
240.5284730 -25.2106970
240.5315700 -22.9630240
240.5352330 -22.9164160
240.5398100 -23.0410370
240.5435640 -22.6911950
240.5456700 -20.1304400
240.5533600 -23.3556120
240.5564880 -22.6875590
240.5620570 -24.6423850
240.5894780 -19.0349140
240.5982210 -22.9925690
240.5986180 -22.3387280
240.6016540 -25.4867020
240.6025390 -22.0068870
240.6082760 -22.4159720
240.6424410 -22.0098510
240.6495060 -23.3380720
240.6670530 -22.6537190
240.6726230 -22.8116420
240.6730190 -21.6401560
240.6853490 -25.7256410
240.6893770 -19.5104960
240.6906280 -23.0808110
240.7248380 -20.3800010
240.7297060 -22.7891080
240.7393190 -24.7115710
240.7439730 -22.9471000
240.7567290 -22.1312220
240.7573850 -26.4394210
240.7575230 -21.8662300
240.7598270 -26.4378810
240.8119960 -22.5793340
240.8449100 -22.6390590
240.8454280 -25.7548480
240.8477480 -25.7541600
240.8515620 -20.5702900
240.8582310 -26.4589410
240.8593900 -21.9271830
240.8661500 -21.8876270
240.8696590 -18.8976970
240.8725590 -19.9176790
240.8825680 -23.8161980
240.8908230 -23.0886270
240.8979340 -22.7656140
240.9073940 -18.7523310
240.9082950 -26.1984540
240.9095920 -18.9021340
240.9134220 -18.8581520
240.9179530 -23.5898990
240.9244840 -20.0993650
240.9306340 -20.2587470
240.9376370 -23.3480220
240.9456330 -22.7568800
240.9600520 -23.5780910
240.9602660 -19.6893390
240.9656370 -21.6709710
240.9751890 -25.1609360
240.9790340 -20.5273760
240.9902950 -20.5182290
240.9913790 -19.7030300
240.9963680 -23.1515580
241.0189210 -23.7771610
241.0279690 -26.6186390
241.0421750 -22.5792680
241.0614170 -24.4120540
241.0724790 -19.7079890
241.0789030 -24.5109270
241.0874180 -21.5115780
241.0902250 -21.5079150
241.0940090 -25.8844050
241.1495060 -21.6561680
241.1652370 -26.0523400
241.6296230 -19.0826800
241.6637880 -17.4805260
241.6662600 -20.0244880
241.6777650 -18.8538910
241.6827390 -19.1348740
241.6979680 -20.3756070
241.6997530 -18.6955070
241.7473910 -20.5513190
241.7504120 -20.7195070
241.7521670 -22.1100480
241.7570650 -20.4827670
241.7648470 -20.6073590
241.7655330 -20.7187370
241.7664030 -19.1927660
241.7697600 -20.2654860
241.7819820 -19.4545100
241.7863770 -19.4594920
241.8084110 -17.0451870
241.8102110 -20.8644260
241.8169560 -20.7455010
241.8225560 -17.8751320
241.8241120 -22.0601580
241.8321840 -20.3487640
241.8433530 -20.1994920
241.8463750 -17.2116620
241.8489990 -23.1066610
241.8600770 -21.7380370
241.8644260 -20.9956190
241.8647610 -20.3095660
241.8731080 -23.1395150
241.8981630 -20.4537390
241.9021150 -24.6561680
241.9131620 -19.5844840
241.9141390 -19.2964520
241.9169160 -21.8118740
241.9353790 -20.6008170
241.9384160 -22.3826240
241.9525760 -25.0539490
241.9599760 -22.3506070
241.9640350 -17.3064400
241.9819640 -24.7241000
241.9880680 -20.6714970
241.9906920 -23.1565820
241.9937900 -20.6634980
241.9948580 -24.6922020
242.0021510 -20.6747020
242.0058900 -20.4615710
242.0065160 -19.4660720
242.0090790 -22.9849360
242.0099030 -20.3760950
242.0170900 -26.6791460
242.0175930 -21.4887660
242.0217590 -24.9258880
242.0231170 -22.3019580
242.0254520 -24.7183210
242.0353090 -22.4166980
242.0437620 -23.8506680
242.0450590 -22.4952350
242.0451200 -19.0799830
242.0583190 -22.7942580
242.0614320 -19.1423570
242.0639800 -20.6364420
242.0650330 -20.8006150
242.0652920 -22.3722460
242.0706020 -25.7131480
242.0765080 -19.0165080
242.0865330 -21.5231780
242.0928960 -22.2841400
242.0930940 -19.5014670
242.0960080 -23.5915180
242.0962070 -23.4489460
242.0968480 -19.5002650
242.0982060 -19.1921120
242.0994720 -19.5977540
242.1046140 -20.2068390
242.1139370 -22.2914980
242.1195530 -21.6221540
242.1307530 -18.0448470
242.1431880 -19.1989570
242.1439670 -22.1988660
242.1464230 -20.7582380
242.1490780 -19.1936870
242.1520230 -24.7584130
242.1524660 -18.0471520
242.1628720 -23.6682380
242.1737980 -18.9363250
242.1795810 -19.0144100
242.1808620 -26.0379910
242.1819460 -25.3768350
242.1902310 -24.4999620
242.1919250 -22.7831520
242.1948550 -28.6499270
242.1975710 -24.5043260
242.2015380 -23.6891420
242.2098240 -22.0579800
242.2253420 -20.5716970
242.2345430 -21.8136080
242.2363740 -20.5627400
242.2373050 -28.5992770
242.2394100 -20.3797800
242.2446290 -24.8267560
242.2501530 -19.1437840
242.2521510 -27.7553920
242.2529910 -20.4857430
242.2531740 -19.1479700
242.2539980 -27.7462580
242.2570340 -27.6811490
242.2582400 -21.8562600
242.2583920 -23.3778440
242.2665560 -19.6626610
242.2668910 -19.5666810
242.2688140 -22.4145530
242.2690890 -16.2757820
242.2713170 -24.4412020
242.2823490 -23.6651400
242.2824250 -27.5727960
242.2868350 -22.2963010
242.2891390 -22.7663990
242.3058010 -19.7244850
242.3068390 -29.3043420
242.3158720 -19.6184180
242.3204190 -23.6923600
242.3356020 -19.4421860
242.3359990 -22.3682630
242.3623200 -25.6522670
242.3716580 -18.8815940
242.3724520 -23.7200340
242.3737640 -22.0161110
242.3757930 -20.9982280
242.3759770 -26.3948990
242.3764340 -24.7271770
242.3795780 -20.6961080
242.3818820 -22.4895570
242.3845670 -22.4933280
242.3907930 -19.0822850
242.3989720 -21.6349450
242.4003300 -20.9404430
242.4022520 -18.8002590
242.4044490 -20.8813840
242.4153290 -22.5316430
242.4154210 -22.0129430
242.4208220 -22.2998640
242.4314270 -24.7194060
242.4384160 -24.5218390
242.4430690 -22.9259820
242.4435270 -19.6266920
242.4453280 -17.3291490
242.4564820 -24.7463530
242.4628140 -27.3783000
242.4665830 -24.6721400
242.4669340 -19.9684910
242.4673770 -21.6077060
242.4703220 -24.6982060
242.4767460 -19.1152860
242.4873200 -22.2007500
242.4938510 -23.7551690
242.4942930 -23.5821950
242.4972380 -18.0025230
242.4996190 -21.9284710
242.5053860 -21.8734320
242.5077060 -23.8287430
242.5129700 -27.4776840
242.5164180 -27.4799900
242.5209200 -21.5421920
242.5433960 -19.7610590
242.5458680 -19.7677920
242.5485080 -23.2233410
242.5602420 -19.8604320
242.5614010 -19.3192730
242.5642400 -29.3989580
242.5799870 -25.0417560
242.5869900 -23.5321310
242.5896910 -19.6921840
242.5897830 -27.9048250
242.5905910 -19.0684970
242.5976870 -23.2049140
242.6008000 -29.1248260
242.6030880 -19.2353760
242.6048430 -25.5997370
242.6093750 -22.1529520
242.6103820 -22.5148450
242.6105650 -27.9415130
242.6174770 -19.1790240
242.6190490 -19.0796950
242.6203310 -22.2299610
242.6253510 -18.6518190
242.6279140 -22.1397080
242.6317750 -25.2671410
242.6331330 -19.2183510
242.6468810 -20.4880160
242.6648560 -19.2812370
242.6657710 -20.6192950
242.6774750 -22.1059090
242.6830140 -19.3738290
242.6857600 -28.0316510
242.6866300 -28.0296690
242.6931760 -18.6832980
242.7081760 -22.2143310
242.7087860 -21.9633790
242.7183530 -19.6262340
242.7262120 -23.1530250
242.7291410 -21.4372040
242.7341160 -23.8247030
242.7371370 -22.0809960
242.7413330 -25.1861550
242.7588500 -23.5973490
242.7699890 -23.5546190
242.7736360 -21.7342680
242.7807460 -22.4805930
242.7810060 -25.0504720
242.7871400 -23.1411340
242.7883300 -21.8322910
242.7956700 -19.5589120
242.8081510 -20.3219110
242.8139340 -17.9559560
242.8165130 -23.2040560
242.8202970 -26.6592030
242.8211060 -22.2190740
242.8213200 -22.2881600
242.8226780 -24.6890070
242.8255310 -17.9579890
242.8258670 -18.0662650
242.8269810 -25.0319000
242.8295590 -23.3222500
242.8499760 -22.8923850
242.8584290 -26.5322000
242.8595890 -23.6683250
242.8825230 -22.6189540
242.8869480 -25.2890070
242.8945920 -22.3289470
242.9067380 -23.7707580
242.9077000 -22.1742860
242.9098970 -23.1186870
242.9183500 -23.1929910
242.9275820 -25.4308850
242.9327700 -25.4430560
242.9387510 -22.9091450
242.9389340 -19.4703430
242.9422000 -19.1286050
242.9481050 -22.6985860
242.9550020 -19.7953210
242.9622040 -20.2027450
242.9766390 -22.6136630
242.9844360 -19.7230280
242.9846950 -23.0679530
242.9902340 -19.4442040
242.9969640 -19.1148200
243.0093080 -20.2986550
243.0100100 -19.4394660
243.0210570 -20.7279280
243.0224910 -19.2598710
243.0249790 -19.0623280
243.0339510 -25.7994160
243.0343480 -20.5504570
243.0434880 -19.5409980
243.0494230 -20.7907560
243.0517580 -19.1219880
243.0570530 -24.5269050
243.0718230 -28.6523880
243.0758510 -27.9263740
243.0768890 -19.3923490
243.0872190 -19.1511420
243.0954130 -21.4544070
243.1126560 -20.2236210
243.1140750 -20.1665800
243.1281740 -28.6916680
243.1396940 -25.7244800
243.1422730 -21.7472460
243.1441040 -24.9761660
243.1471560 -20.5761010
243.1632080 -18.9912490
243.1647800 -22.4689580
243.1663820 -25.6650510
243.1675420 -19.8250680
243.1687930 -18.9911610
243.1718290 -19.8272170
243.1877750 -23.0917570
243.1950530 -22.2254770
243.1955260 -23.6446780
243.1969600 -19.0647660
243.2038880 -18.0145970
243.2040560 -20.4084130
243.2194060 -23.3322120
243.2305600 -23.3293630
243.2597660 -25.0294570
243.2613220 -22.9623550
243.2627870 -19.4921970
243.2761690 -26.1029740
243.2908020 -20.7497290
243.2909550 -23.0384560
243.2915340 -19.0741410
243.2916720 -24.5904370
243.2951050 -23.2309460
243.2988430 -22.1236740
243.3004910 -23.0842190
243.3007200 -23.2543410
243.3224030 -29.3721960
243.3268590 -29.3743440
243.3274230 -22.2136080
243.3356320 -22.4877590
243.3366850 -17.9644830
243.3384860 -17.9635390
243.3524170 -27.4369910
243.3573910 -17.6265560
243.3610690 -22.5096780
243.3670500 -19.4145640
243.3720400 -23.1854400
243.3866270 -20.7448270
243.3948670 -23.4710030
243.4018710 -23.4408440
243.4019930 -23.4598120
243.4021300 -25.0631640
243.4037320 -23.4582810
243.4098050 -21.9811170
243.4100040 -24.7253400
243.4199830 -22.3294370
243.4312900 -18.7646240
243.4319310 -22.2498610
243.4371190 -24.5707020
243.4395750 -24.4220940
243.4479220 -18.5834640
243.4492340 -27.7927610
243.4661870 -27.3605690
243.4859620 -24.9657780
243.4921570 -28.2526420
243.4923100 -18.8080640
243.5088200 -23.0172770
243.5124510 -25.8147510
243.5158390 -24.8858130
243.5205080 -26.0684050
243.5305940 -22.2922690
243.5330350 -19.6414280
243.5373080 -22.1203820
243.5421600 -22.2898670
243.5461430 -23.0933900
243.5507510 -19.6487260
243.5514680 -22.3203370
243.5524440 -24.9080120
243.5562740 -22.7493800
243.5575710 -19.6600760
243.5822600 -24.4779030
243.5845950 -19.1133860
243.5854340 -22.1360280
243.5858920 -27.7638260
243.6205440 -18.9562570
243.6236420 -25.8218060
243.6333620 -28.1230720
243.6369630 -22.7037070
243.6401670 -20.0749700
243.6403050 -19.0037540
243.6516270 -20.6803110
243.6602780 -23.3603740
243.6632690 -25.1489450
243.6716920 -22.4514880
243.6719210 -25.9348090
243.6779020 -25.2027070
243.6903230 -27.5453190
243.7078860 -21.6589570
243.7138210 -23.1476590
243.7183990 -25.2312390
243.7188870 -27.3154750
243.7195740 -23.1340870
243.7246860 -25.0751510
243.7395780 -23.4785610
243.7465820 -27.8396910
243.7470250 -24.9918900
243.7525180 -29.3263610
243.7718660 -24.9930900
243.7836760 -24.5884590
243.7857060 -18.8502940
243.7871700 -23.7513410
243.7886660 -23.7597310
243.7935330 -22.1194360
243.7960510 -23.3785130
243.8016360 -24.3358670
243.8016970 -23.3125970
243.8049620 -27.9344710
243.8067170 -23.0739210
243.8132930 -22.8815980
243.8167570 -23.7528820
243.8239900 -19.7083760
243.8312070 -25.6700040
243.8548580 -21.7337000
243.8634190 -24.8242210
243.8642880 -22.6576540
243.8646240 -26.4578090
243.8674770 -23.2622070
243.8838500 -25.5086520
243.8841710 -20.1732560
243.8892210 -18.9069440
243.9018100 -26.3692210
243.9019930 -23.2548680
243.9101720 -23.6988580
243.9130710 -19.2834950
243.9212800 -21.5795730
243.9472050 -19.1884710
243.9528810 -27.1818540
243.9547580 -22.2199360
243.9651180 -22.1124690
243.9719700 -24.4105450
243.9749300 -25.3303150
243.9786380 -23.2540740
243.9794920 -24.7434730
243.9968870 -23.4934100
243.9994350 -23.4179170
244.0033720 -22.2385690
244.0121610 -24.5152360
244.0123140 -22.6858650
244.0214690 -25.1322980
244.0356450 -20.6976470
244.0393070 -21.8630120
244.0394740 -22.7288380
244.0489350 -23.4514430
244.0493320 -23.2741150
244.0538940 -24.5150470
244.0553890 -24.7325550
244.0716710 -26.1528470
244.0747530 -23.6632250
244.0789490 -25.7080310
244.0838320 -23.7372880
244.0864110 -25.2917000
244.0955960 -25.0629860
244.1016240 -25.6983720
244.1048890 -24.9887430
244.1278530 -25.2056030
244.1292420 -25.0762600
244.1344450 -22.0889230
244.1378170 -26.2113230
244.1393280 -23.4558600
244.1393280 -25.3640730
244.1393890 -25.8768900
244.1682130 -23.2467140
244.1723630 -25.3109420
244.1734160 -23.2608490
244.1790770 -25.6318910
244.1843870 -25.2292560
244.1879270 -25.9993670
244.1891480 -23.5614970
244.1981810 -26.4716380
244.1997830 -24.6745170
244.2030790 -25.4945130
244.2109380 -25.8629760
244.2137450 -24.5577070
244.2224120 -23.1104770
244.2261350 -24.9998800
244.2335210 -24.7180540
244.2337650 -23.4903600
244.2417300 -25.8378620
244.2492980 -21.9075930
244.2752990 -22.4281160
244.3075260 -22.8662620
244.3187260 -23.4658550
244.3291170 -24.6218490
244.3382720 -23.6690640
244.3401340 -23.4167860
244.3468930 -26.0902880
244.3522800 -26.0453870
244.3589630 -24.8497730
244.3607640 -25.2545090
244.3654170 -24.3507350
244.3747860 -24.8508820
244.3763120 -24.6442170
244.3843230 -24.4499510
244.3916320 -25.7071990
244.3940120 -24.3878140
244.4051210 -24.9267790
244.4122920 -25.7153820
244.4456790 -24.9225350
244.4486850 -24.9236430
244.4743650 -27.2651440
244.4784090 -24.7260130
244.4792790 -27.1917880
244.4837040 -28.9444350
244.5127260 -16.5042270
244.5361940 -25.7868350
244.5379790 -27.9221040
244.5413820 -27.2698920
244.5461270 -29.1868500
244.5674440 -26.3189070
244.6566160 -18.5184990
244.6745300 -18.5443880
244.6754300 -18.5580540
244.6846470 -27.5917780
244.6869350 -20.5243280
244.7589420 -21.6360490
244.8170620 -29.2535210
244.8497310 -22.3447930
244.8718410 -21.4036880
244.8914950 -22.4748340
244.9295650 -22.2715550
244.9391020 -21.7993760
244.9463200 -22.0531010
244.9515230 -22.2144010
244.9532170 -22.4131930
244.9535680 -21.6766610
244.9611970 -21.9098590
244.9621890 -23.0356010
244.9642030 -22.6907420
244.9661100 -23.3946740
244.9790500 -22.6256290
245.0228880 -20.0563960
245.0256500 -22.2107010
245.0285950 -22.7922380
245.0316470 -17.7998430
245.0374600 -20.2062090
245.0901490 -20.0930120
245.0954590 -22.4511510
245.1040950 -21.8399960
245.1087190 -22.9285770
245.1135100 -21.4352470
245.1172180 -21.5090260
245.1177220 -17.0641860
245.1193240 -24.7024500
245.1299130 -21.6042080
245.1352540 -22.9626260
245.1516880 -21.3866630
245.1603390 -24.6171130
245.1683500 -26.0050320
245.1862030 -24.5273340
245.2093050 -22.5941100
245.2123110 -22.8944570
245.2620240 -18.8394930
245.2712400 -25.4617820
245.2910160 -25.5925120
245.2928470 -25.7947330
245.3096470 -26.1794950
245.3122100 -25.5002820
245.3160100 -22.6679310
245.3200530 -22.6935250
245.3270110 -22.9160670
245.3300170 -24.4312740
245.3381200 -22.1089610
245.3536680 -24.4373630
245.3685460 -23.2030980
245.3731380 -25.4953210
245.3734130 -21.4843920
245.3946080 -26.2074810
245.4163510 -28.0518460
245.4219210 -22.2015460
245.4249730 -23.2286760
245.4496920 -25.9464380
245.4522250 -25.2907240
245.4777830 -20.7192080
245.4783630 -27.6028560
245.4794460 -21.8678570
245.4989930 -27.1101740
245.5081020 -22.7613950
245.5245060 -21.3654500
245.5274200 -21.4524780
245.5357970 -29.2517890
245.5372470 -21.6769960
245.5400390 -19.8835370
245.5418850 -21.6548160
245.5547940 -28.3162750
245.5617220 -20.7610630
245.5772250 -23.3633900
245.5829620 -24.3633800
245.5872040 -27.7860030
245.5877080 -28.3501030
245.5900120 -22.2918620
245.5929570 -25.8722440
245.6228330 -28.3191490
245.6425630 -22.5867730
245.6470790 -22.7953800
245.6500240 -21.3169630
245.6814420 -18.8766080
245.6827240 -19.8516030
245.6836400 -21.7061730
245.7149350 -27.9270320
245.7282410 -21.6359060
245.7526400 -26.3018550
245.7546390 -21.6213950
245.7697300 -27.9903850
245.7698060 -21.3164830
245.7816470 -27.2159810
245.7824250 -23.0165500
245.8225400 -21.9852730
245.8234100 -27.9363780
245.8420100 -21.4302750
245.8522800 -17.2908690
245.8798680 -28.6549020
245.8846130 -25.3968450
245.8868100 -22.9796810
245.9244540 -28.3368610
245.9382020 -21.5113740
245.9457400 -28.8340090
245.9648280 -23.2908420
245.9779510 -24.6422140
245.9795530 -23.5111240
245.9884800 -26.3401580
245.9901580 -27.7497750
245.9912570 -26.0416320
245.9918820 -21.8093970
245.9959260 -27.6010320
246.0120540 -25.4150050
246.0263980 -24.9463840
246.0393370 -21.5686950
246.0490720 -19.9328580
246.0515590 -22.8985160
246.0646060 -25.7429500
246.0775300 -28.9132120
246.0888210 -25.0254020
246.1303860 -22.2110650
246.1326140 -22.6890980
246.1466520 -23.0007970
246.2140200 -22.6590390
246.2305450 -22.2412800
246.2328190 -26.4550290
246.2599030 -23.3625320
246.2687070 -25.1532290
246.2931520 -21.5731830
246.2945400 -26.1650580
246.3204040 -23.3676620
246.3207860 -26.2082790
246.3302000 -24.4479770
246.3469390 -27.4587590
246.3594210 -25.8338360
246.3614200 -19.8372840
246.3691860 -16.9808180
246.3700560 -26.1316260
246.3737340 -22.2484380
246.3825070 -25.8969310
246.3864290 -26.1940570
246.3960570 -23.5486510
246.3961790 -23.4052120
246.4300840 -22.5007270
246.4503630 -21.9054300
246.4551850 -25.9103680
246.4568790 -24.8588910
246.4595950 -28.3438240
246.4808650 -27.3567430
246.4913180 -26.0103760
246.5089570 -27.3039360
246.5181270 -24.9643880
246.5796050 -27.4116950
246.5818330 -21.6224420
246.5832520 -22.9694480
246.5832370 -22.5506990
246.5839840 -22.5535340
246.5926060 -22.0025120
246.5975650 -27.6501560
246.6058500 -27.3451810
246.6161040 -26.4208700
246.6168370 -25.4466090
246.6246190 -27.6889590
246.6456760 -25.1946960
246.6526790 -23.1821080
246.6609800 -21.9810090
246.6652370 -22.5722580
246.6716770 -22.0026530
246.6786800 -27.1282810
246.6850740 -24.7871740
246.6976470 -23.2474690
246.7253720 -27.5854850
246.7341610 -22.2310960
246.7353360 -26.0046830
246.7715000 -19.6750160
246.7778630 -26.1253070
246.7892460 -21.8126950
246.7896120 -26.3152520
246.8030700 -25.0671690
246.8098450 -26.2996620
246.8104250 -24.8593440
246.8264620 -24.9148650
246.8289950 -23.5272350
246.8312230 -24.6945460
246.8563690 -21.6343610
246.8607640 -24.4317740
246.8652340 -28.3640100
246.8883970 -28.3527150
246.9147490 -22.7564140
246.9204710 -26.1824400
246.9384460 -25.0591300
246.9499970 -24.9537260
246.9543460 -26.0454940
246.9913940 -25.4052200
247.0140080 -24.8899120
247.0373690 -28.2156700
247.0397490 -26.2346320
247.0458680 -24.9535750
247.0620270 -22.4386100
247.1033330 -24.5953940
247.1038970 -27.3884320
247.1855930 -25.9163480
247.1881410 -27.2053490
247.1918790 -27.1992990
247.1959840 -24.4705090
247.2200010 -21.7946950
247.2864380 -25.5733390
247.2974850 -29.0088200
247.4579620 -27.4805430
247.4653170 -28.4144480
247.4774780 -24.9794670
247.4859770 -26.9884410
247.4916530 -27.4901960
247.5080260 -24.2571530
247.5115050 -27.4501480
247.5836940 -28.9216590
247.6006320 -27.1716060
247.6862640 -25.4427260
247.7068790 -27.2296850
247.7741390 -27.4294820
247.8142550 -26.9541870
247.8278500 -27.1829830
247.8700410 -19.0772340
247.9317320 -28.7764470
247.9861760 -28.7701850
248.1013490 -17.0611360
248.1356050 -22.5726110
248.2475740 -22.1896230
248.2589570 -22.3344100
248.3957060 -18.5483300
248.3960110 -27.2624800
248.4117740 -21.8406470
248.5243990 -26.9789520
248.5744630 -28.9937440
248.6156010 -17.6254750
248.6464230 -26.9675240
248.6594540 -28.5973570
248.7443540 -28.7361320
248.7760930 -20.4245240
248.7995300 -28.7644600
248.9363710 -27.1556280
248.9405670 -27.1879480
248.9515530 -21.8110310
249.1634520 -19.6021000
249.1852110 -17.6003110
249.2080690 -21.1740510
249.2203520 -27.1385020
249.6190640 -19.5238860
251.9472350 -19.8755400
