16048383
17336696
245794704
17409930
18585208
245873351
15939295
17335733
15902489
245940624
60005364
245824893
436614427
17383020
14331880
242944633
440701014
18799303
245795626
59873985
61257910
436648713
245792696
17144636
245829484
15756558
436633864
436655312
245791900
293894139
436635454
17409372
435880145
67769328
245820477
26113064
434164859
427736349
427736055
14079970
14108034
242985065
125757128
14224878
242987694
14226171
14229343
242991771
243030731
14364519
15816041
15902373
16004516
434226736
434228557
434239028
435881860
435882484
435882186
17147557
17150486
17228250
17233315
17283750
435920675
17294045
17310668
61225027
17382700
17339381
17339419
17382436
17383582
17409889
17410667
60875521
17448232
17451153
267953775
17512898
245786563
17518225
17518112
268074162
245790973
456892137
17560029
456892725
18310799
245800181
18312371
456941121
245820525
456941299
268281788
245823882
245830739
397350435
268397016
245837275
61259276
61259481
245861520
245863402
245863716
118448723
268510484
118520260
245869850
118524121
245873780
118524842
118551425
118555867
118591735
125836954
118557720
118593279
245905701
245907108
118677684
118675681
150061097
118765829
118766826
118768350
436561375
397354679
397357734
397355504
125915722
436575135
436575369
385475808
436581639
436584697
436582827
436589427
238413980
59840611
436617161
18542733
59958693
18584677
436640602
436639456
18642736
436642805
60009433
18647501
436659586
436664231
68648307
60478560
68653291
60511067
432613905
68812391
432699513
389121763
303593764
293892413
387722592
175264909
21223949
184893285
175261870
175288891
197250486
175239511
175262081
175262180
175262171
175262077
175265818
307733361
175261968
175239508
175264659
175264390
175264517
175264495
175265782
175265769
175194847
307678344
175261957
307678285
175264490
175265687
175264628
175239919
175240043
175265668
175234372
184893020
175233442
175240196
307733224
175290433
175262112
175234189
195193477
175233735
175264486
175262222
175239547
175240088
184892072
195193336
175262151
175290574
175290894
175264751
175265836
175262288
175265747
175233976
175239454
175262060
307733381
175240425
175291774
175264487
307678565
175194958
175262202
175290581
175265707
307733666
184892083
175239582
175194931
175234252
307733166
175194811
307678222
175290789
175234444
175234763
307678180
175239741
307678474
175262109
307733584
175265852
307678504
175264700
184873527
195192227
175290460
307733505
175265983
175261904
175290904
195191989
175264362
175290807
175234002
175233672
175239137
175290735
307678306
175265714
184892216
175264309
184893138
195193187
175233783
175291796
175290662
175264424
307678296
175233752
175239552
175239985
195192006
175233791
175231602
175234504
307678756
175233594
175233993
175261914
195192105
175262354
195189336
175290633
175264566
307733411
175262246
195193236
175262117
175234522
175261821
175264842
175264307
195189401
307678366
195191757
195192204
175262074
175231632
195193329
195189162
307678170
175239757
175194919
307733222
175262162
175265644
175234216
184893133
184914555
175240181
184893014
175261942
175265950
175239962
184893212
184873452
175290709
175265688
195191821
175239899
184895088
175239599
175239004
307733344
195193053
195191872
195189096
175233258
195191924
175265504
175234241
307733413
175239721
184892057
184914078
175291905
307733787
175265829
184895407
175239295
175194794
175239079
195191870
175264600
184892201
175195078
184895326
195193217
175231607
175234031
184896317
184895513
195192331
195192095
175195079
195189611
184898397
184873574
175290623
175266067
175265886
175290667
195193671
307678091
175261915
175261814
175266079
175264304
307733134
195189070
307678231
195193077
175195032
175234750
184893128
184873390
175194672
175264766
175262071
195192278
307678008
175291955
175290622
184893334
175233614
175263993
184892065
175239768
184898694
175290525
184873554
195188207
175265790
195192118
175291909
184893028
195192100
175290537
175240330
175290470
175262372
184892944
175231592
184893218
175194928
175264651
184896144
175231948
175290787
307678169
184873453
175290484
175261832
307678337
184893357
184896137
184893030
184895133
175290816
307678603
175290603
184896505
307678318
184914515
307733794
175292008
175261955
307733219
175291996
175290922
178279059
175265552
195191917
195192352
195193025
184873385
184895186
175291721
175233995
184873509
195191831
195188915
195192980
195191855
184898435
184893187
175290827
184898463
195192248
178277678
195188361
195188050
175233644
195187947
175233611
184893215
184873585
184896142
175264916
184895539
307733261
175262013
175234611
175265814
175264953
178278865
175291677
175265990
195191988
175261905
175264267
175240462
175262370
175262210
195193150
184916422
175233618
175264915
195193221
175264858
184892209
195189140
175264305
175240096
184896414
175239997
195189161
184895089
175291770
184892917
195189084
175265678
175265547
307733179
175234805
195189326
184892086
175240021
175240085
307733369
195189612
307678247
184895271
175261797
195192291
184892738
195189354
184914348
184893191
175291010
184895645
307733153
175194875
184914340
175290898
175241573
307678805
175265546
184896500
195192416
195189206
175264870
195188988
175261793
175264897
175290836
175291705
184892124
175231884
195188033
175240257
175291692
175265551
307678737
195189437
178267072
307733333
307678329
184893118
195193564
195189148
175290882
175264387
184914129
175194809
175265540
184873409
178266660
307733346
178277738
184892783
307678274
184914161
184873578
175291050
184916721
175265529
178277917
175265474
195188919
175291749
178266909
175234737
184896075
195193645
184914188
21287536
184916403
175194612
175291727
175265500
175239124
184895563
175194920
195192367
184896098
178278923
195193606
178278014
175240655
175265494
184892743
195189581
307678497
175241594
195189343
178267914
178277851
195189669
307680955
175265577
175290453
175262258
184893012
195193132
195188269
195193219
184898665
195192984
178277298
175290472
184898698
332022923
331989623
195189406
175265813
178277803
175266015
178278689
195189558
175231944
184914518
184893061
178277237
184914059
184914843
178267232
331989601
178268381
184916747
175240357
175291329
184898422
195187938
307733281
175238255
175266089
195187806
175290546
21275706
175233248
178247259
175194593
195193093
178278997
178277951
353931561
307678358
353931586
175239969
195189357
184898875
178246141
184898394
195192289
178268415
307678809
184895512
178279352
175292491
184896375
175240612
184916498
238607424
184916109
21287512
178245905
307733783
178245389
175265962
307678469
195192923
302922251
184914025
175265493
184893654
178268391
175290956
175261884
184914037
184896649
357266893
195189244
307733847
21337549
337632047
184895054
178277699
332022991
195191891
184914118
178246079
195193924
21247522
184913985
175262153
307733900
337632006
184892291
21223933
175231776
178267925
175194649
178245472
184895450
184896534
195189405
195188964
353931221
184892378
178277927
175291570
175194609
353931339
175290841
175194358
175193977
175290851
178277445
184895464
184896376
331989886
178277330
175291818
21223954
175264871
178218260
178217955
184896115
175291549
178246707
195189210
184898073
175290168
178278878
178267335
195189610
175265395
14703702
195194076
21287322
175261791
238606286
353931099
21275548
184893045
184892855
197191573
184914104
178277274
238606070
302922710
21275777
184895531
195188667
195193454
333871534
178245891
184873412
21275808
14638439
21275936
184873064
332025251
175235722
195189116
21275909
175291531
195192388
195189408
337606255
184938999
178277240
175263724
178247069
307679520
195193600
195189665
238606427
21337351
175291519
175289000
184914020
184893043
178178234
331989193
175264744
184896915
184892167
184892292
184893036
184894647
175195033
178268371
14678570
178278494
195189039
175194294
337606295
307678026
14703968
184895599
184873160
20497187
175290654
184898373
184898110
21287582
175265645
178245191
175233134
178277450
175291572
178270158
21247218
14638377
178277246
175263550
302923006
332023535
331989648
175265610
178268711
175265440
175262001
21247212
184914277
14605312
46298219
175292613
20484424
331989841
178279983
184892778
293366998
178245830
184896937
238606361
175263123
332023059
20492930
238607204
293497121
337606175
358115130
175291652
337606436
353931428
184897149
20421524
178269883
175262267
21247108
14678723
14600692
293377712
21275528
175194226
20484319
175291744
302922819
14678605
184898035
197219057
175233768
175289783
184893006
197192363
20484985
184895386
331988873
14605020
21337268
195188860
178267679
184914077
175240025
21276069
197191411
197251751
353931181
184914208
14636266
184895591
195193396
197241845
331989994
353931244
195192452
21337002
178217822
178247257
197218788
14703588
307678309
337632317
178219738
6994247
307680731
175290896
178218996
14568993
178270192
7022683
353931437
197241435
14604955
178267048
195193492
184916674
197221743
184939336
331989194
21275529
178247592
178218470
331988851
21275457
197190717
175234418
14634236
175265875
184897199
14703778
178177521
358115582
178216798
197215657
337606767
175291073
175288948
14638194
307680316
175195014
175234554
46255964
14677040
203225024
46363336
238605470
175288787
197244779
46363036
14701843
14636515
197192987
184892273
21224554
14703139
20535927
197221769
21224431
21223275
20484049
184892275
178267345
14676338
302923172
175240139
195191188
7058742
184916933
26079418
26079243
26081460
26081408
61116674
61116955
26109664
26113333
26126184
26126856
26127347
26127491
26127504
26175355
26178271
113918514
46634036
113918237
113918809
113922821
113922425
113951451
113951846
113955896
113955498
113955775
113980275
427580717
113981932
113982669
113982460
427580873
113981961
113981992
427580743
114029066
353927363
353927437
114029659
353927317
353927315
353927374
346592180
114029882
114029810
114031019
114029945
114030914
114029971
114031127
114029855
346592587
114060387
114060441
114059160
114060200
114060454
346592680
346592477
114059619
114060141
114060078
346592508
114060377
258031958
114060639
258032108
114060582
114060967
114060949
258032073
258031991
114060720
258031920
114060999
114060609
258032013
258032026
114084989
258067034
114084814
258067247
258067138
114083269
114084607
258067231
258066973
114083795
114084962
114084456
258067178
114084277
114084389
114083477
258067199
114085299
258067348
258067363
258067352
258067448
114085308
114085414
258067341
114085080
114085193
258067431
114085393
258067594
258067389
258067465
114086686
114085501
114085734
258067474
258067676
114166663
114165905
114166455
302545798
302546100
302545769
302545818
114167104
114166657
114166513
302545930
114166829
114167126
114166696
114166622
302545922
114166586
302545817
67768213
67768165
67768398
67768296
302546047
302545959
67768229
67768181
67768203
405483694
405483714
405483914
405483758
67768459
67768395
67768260
405483894
405483900
405483551
405483789
405484037
405483908
405484052
67768258
67768116
405483746
405483878
67787123
67787155
405483684
405483883
348638787
67787249
67785604
67787441
348639202
348638809
348639169
348638984
348638903
67787445
348638801
348638810
348639084
67787307
348638812
67787166
348639179
348639155
348638752
348638813
348638859
348638902
348638969
348639006
348638763
348639093
348639217
348639128
67785558
67787319
348639247
348639216
67787656
348638992
67787912
67787866
348638938
348638782
67788115
385509219
385509405
385509305
385508943
67788486
385509436
385509186
385509432
385509190
67787604
385509415
67787704
385509435
67787715
67787736
385509004
67789284
67787504
385509282
67829685
67829298
67828897
67829472
385509109
385509159
67829596
67829329
67829797
385509284
67829648
385552187
67829658
385552440
385552643
385552421
67829632
385552593
385552619
385552305
67829619
385552144
67829254
67829693
385552287
385552281
67829524
385552372
385552170
385552485
385552109
385552195
385552466
385552270
385552629
385552720
385552163
67830753
67830155
385589475
385589544
67830013
385589578
67830207
385589523
385589620
67829917
385589312
385589524
67830039
385589739
385589609
61140002
385589362
385589360
385589386
385589388
385589505
385558757
61139634
385589317
61140261
61141737
385589319
61139640
385589348
61139416
385589685
61140268
385589309
61141911
61139968
125736597
125736689
125736793
61139899
61139916
61139506
125736791
125736770
125737018
125736817
125736833
61141472
125736974
125736848
125736522
61139214
61139406
125736858
125736701
61141798
61139947
125736987
61139677
61145620
61145832
125737022
61145683
125736899
61146016
125736708
61145611
125736605
125736811
125736995
125737020
61145701
61145876
125736623
61145580
61145948
125737030
125736707
61145609
61145677
125736774
61145889
61145959
405484261
61145594
405484284
61145922
405484181
405490026
405484383
405484557
61145824
405484221
61145765
61145907
405484110
405484378
405484111
405484416
405484605
405484386
405484664
61145874
405484241
61145896
405484574
405484205
440681403
440681617
405484342
405484300
440681409
405484127
440681387
440681539
405484278
405484248
440681404
440681343
405489949
440681536
405484341
405484528
405484178
405484340
405484247
405489929
440681564
125755016
440681391
440681752
125754697
440681652
125755011
125754563
440681442
440681425
440681529
125754787
440681327
440681478
125754942
440682459
440681328
125755046
125754923
440681587
440681418
125754781
440682249
440681808
125754683
440681514
125754921
440685981
125754716
125754671
125754895
440685759
125754985
125754947
440685713
440686116
125755119
440686085
125754804
125754525
440685861
125754907
125754869
440686066
440686190
440685753
440685902
35155905
440685327
35155735
35155659
440685940
440685779
35156058
35156014
35155345
440686290
440686303
35156036
440686627
35156028
440686398
440687586
35156034
35155873
440686341
440686433
440686307
35155385
440686359
35155396
440686339
440686234
35155775
440686261
440687056
35155491
440686232
440686355
35155558
440686389
35155744
440686690
440686422
440686207
35155618
440686556
35156235
440686989
35156755
35156129
440686535
440686488
440686209
35156298
35156259
35156120
35156121
440686434
440686676
35156210
35156538
35156221
35156413
35156636
440690770
35156630
440690782
35156678
35156424
35156425
440690825
440690265
440689977
440690855
35156250
35156091
440690695
35156315
346626051
440690703
440690752
346625675
440690662
440690971
440690776
440690201
440691009
440690708
440691028
346626038
440691913
440691301
346625850
346626294
440691461
346625904
440691380
346626211
346626001
346626238
346625763
346625816
440691258
440692146
440691177
440691853
440691544
346625996
346625920
440691238
440691260
440691248
440691438
440691137
440691362
440691379
35159699
440691199
440691343
440692794
440691924
440691431
440694473
440695729
440695156
35159657
35159570
440695920
440695252
440695916
440694763
440694910
35159478
440694497
440695721
440695926
440695975
440695918
35159509
440695984
440695755
35205530
35204831
35205586
35205613
35204875
35205476
35204900
440696398
440696803
440697438
440696035
440696262
440696415
440696817
440697601
35206389
440696704
440696337
35206374
35205639
35206497
440700750
35205647
440700978
35206455
440701022
35206200
440700864
440700343
440700760
346540494
84331094
84331755
346540234
346539090
346540537
346540165
84331646
346539640
84331621
84336541
346540171
346540283
84336667
440702438
440703158
440703298
440702499
440702500
440703285
440703174
84336819
84336821
84336649
84336822
84336600
84336651
440702470
440702845
440702584
84336401
440702109
385590063
440704339
440704531
385590587
440704123
385590417
385590965
427735688
427735624
427736091
440726015
440726023
440726384
440726047
427735935
440726335
440725730
427736180
427735907
427735980
427736345
407930782
407930243
440728453
407930609
440728520
440732135
348723803
440731523
440730694
348723022
348722683
348722861
348723421
440730898
348722873
348768951
348769726
440732366
348769378
348769574
440733338
440732276
440732237
348769589
348768846
440733120
348769440
348769183
348768931
149856569
149856915
149856292
14076629
14076683
149906525
14078777
14080077
149907155
14079986
149907172
149907927
14109281
149907532
14109429
14108972
149907789
14109225
149908035
149907206
14112093
149907667
14112924
14111089
149923419
149923544
14111240
14155762
149923647
149979973
14158619
14157805
149980659
14158342
14158303
14157808
149979982
149979913
14178521
14179364
149980751
14179884
14180078
125783029
14225108
125783407
14183170
14226607
14226966
14226320
14227246
14226920
14227288
14251584
14251565
22987439
14252825
14252822
14255759
14257046
14256230
14255769
14284774
14285398
14286197
23076771
61146487
61146291
14334105
14333998
14363854
15734486
15736261
15759347
15760711
15818544
15818292
15854940
402237289
220532015
220609249
220608726
220603655
220604303
77387874
220608314
220608333
220603631
220611558
220610120
77389008
220605215
220608955
220604270
77471960
77473428
220608680
77472670
77472525
220686845
77473537
77471572
220686916
220686797
77473522
77532156
220683610
220682229
220687983
77534376
220765024
220679325
220679064
220679264
220768033
220685875
220764985
12569193
12566318
12566502
12569724
77573886
12568706
12568709
12568403
12569183
12566408
12567276
12568747
12565771
77577733
77578051
280158699
280160269
280160519
77576048
280158322
280157428
280156884
77577263
280157733
77576598
280158278
280160125
77578559
280158171
280158108
280157846
77674655
280156638
12621988
12621793
12621795
77674501
12624309
12570821
77672522
77674513
12621616
12625702
12624501
12625435
12624029
12627378
12628221
12629900
12659091
12628957
12659336
12627948
12659333
12658445
12658622
12629720
286019870
286020092
66744473
66744834
66744063
286019407
66744695
286019008
12663066
12664371
66750314
66749774
66750133
12661002
66822018
12725358
12725341
12725121
12665643
12725753
12725143
12725044
12776845
12732189
12731159
12731653
12777482
12731737
66861813
12730483
12730168
12731471
12775783
12776490
66863805
66861139
66861569
12777551
12730769
66862355
66861349
12779562
12779758
66923149
12779645
66925320
12779676
12778842
12782249
9597321
9596871
66928839
9597134
9669433
66928171
9596939
9669706
9669256
66928114
9667458
9595526
66928215
9675926
9672800
9674282
9677218
9672801
9676822
9677039
9675067
9735831
67081645
9735122
9735057
9735235
9734812
9674277
9735608
9734806
67082446
9673098
9735159
9676810
67081233
9676383
9738433
9738956
9737198
9738126
9737930
9739389
67086160
9741755
9737552
9740802
9737963
67084599
9796229
9795183
67087285
9794827
67177375
9795755
9795829
67178471
67178475
9793249
67177335
9800425
9800481
9848338
9847232
9797862
9798872
9799314
9848479
67235149
9848330
9848368
9798180
9847026
9802416
9798505
9799329
9798199
9847505
9800769
67233438
9802109
9852352
9851348
9855829
9856773
67274063
9855014
67277538
9851354
67277391
9853610
9853602
67275241
9914539
67366057
161832461
410988379
161834083
161838074
161834230
161834051
161828768
161834005
48795112
48796749
48794856
48794996
48795110
48793422
48794602
48793721
48793728
411029368
48795251
48795135
48791971
48796694
48794702
48794530
411030904
48798078
48796280
48795396
48794656
48798130
48867140
67754096
48868086
48868362
48865540
48866968
48864782
67756987
48864820
411079334
67756466
48866908
48800286
48866917
67756399
48866903
48867127
48868195
48906880
48872203
67759778
48873434
67756781
48905985
67756453
48906121
48908035
48906233
48870862
48906613
48870941
48872481
48872645
48906058
67758102
48870796
48873474
48905962
48871321
48907674
48907476
48871317
48871003
48871410
48872020
48905970
48873611
48869836
48913887
48910479
48912227
48913890
67888521
48960512
48908525
48914164
48914075
67826607
67887496
67888942
48909695
67821936
67888932
48908483
48910665
48912436
48910953
48912447
67897871
48912629
67891216
48913941
67896229
48912525
48913936
67896210
67896082
48910896
48908953
48962472
48962358
48965778
411096525
67890577
48967526
67895891
48965609
48966279
48962531
67978974
48962413
48967559
48962216
48965702
67988542
48961610
48967583
48965245
48963999
67987247
68045508
48963636
48965883
48965887
49037975
49033805
49035417
49038262
49035618
49031833
49033044
49032350
68045522
68045818
48969230
49037371
411098445
68045485
67985462
68045596
49036975
49033866
68045555
49037928
49032600
48968127
48968362
49039044
49033219
49033331
48968009
68053002
68053008
49068768
49040985
49040989
49071030
49041090
49040478
68056797
68048764
49071438
49040904
68053818
49040190
49071001
68056201
49040362
68049712
49069577
49070076
68053872
49040300
49040198
49069690
49039792
49069556
68131578
49040340
49076657
49078116
49076499
49074586
49078010
68126823
68126826
49164432
49074433
49074779
49077681
49073123
49075471
49072162
49074624
68131704
49072492
49072550
49169665
49170646
286075177
49171579
49169779
49166949
49167896
49165221
49171686
286072827
49170283
49170380
286075679
49165224
49165337
286075206
49171902
49171241
286073001
49172467
49170836
68168206
49170434
49173151
49198799
49197407
49197284
68167990
68167975
49197712
49202228
49202632
49198039
49201852
49201347
49198167
49201928
49197500
49202252
49202644
49201225
49202262
49200695
49202468
49202701
68251926
49278310
49205543
49278587
49205075
68249932
68256634
68255276
49205371
49205106
49279505
49277876
49277786
68256696
68251799
49279877
68250655
49278335
49324394
49285343
68331800
49323401
49324395
49323400
49284394
49285665
49283568
49324318
49325403
49322707
49284004
49284010
68332812
49284601
49323804
68331071
49328689
49401042
49326657
68335603
49401351
49330488
49401114
49401394
68416596
68416599
49330604
49330993
49325544
49325542
68405187
52483482
49331029
49327051
49401279
49328684
49401718
49401672
49401699
68336345
49401696
49405502
68504665
49404969
49409656
49405104
68504914
68505142
49409828
68499562
68500300
68504258
68431895
49409604
49403903
68502886
68504419
68502470
49405035
49408664
49436709
49436988
49438213
49433421
49437033
68507378
49437698
49433429
68506741
49432787
49436744
68558330
49432648
68508808
68559047
49437632
49433966
49432685
49434726
49438632
68507762
49507122
68508975
68637841
68567931
49508320
49440826
68637794
68568310
49440853
68638033
49440268
68567425
68638179
68564307
68638174
68638823
49513617
49439832
49439818
49582247
49584223
68639221
49584111
68567242
49583738
49583432
49584767
49519647
68642573
49581701
68641262
49583088
68643927
49584028
68642297
49520714
49517874
68643769
49584012
49584695
49518654
49588675
49648623
98085822
49587748
49587919
98090566
98089028
49586143
98090068
49585759
49585860
49587712
98090411
49587030
98089385
49589831
49588272
49586971
49690864
49690591
98090412
98090091
98087668
49691194
98094441
49691316
98093739
98093362
98094422
98093239
98093602
98093383
49655063
98170765
49690871
98093863
98094715
49690548
98093772
49690573
98094317
98093641
98170429
49692151
98171238
98092692
98094112
98229591
98231835
49692855
98231038
98231536
49692275
98229629
49695352
49694564
49744550
49745515
98231712
49745820
49745437
98294607
98294533
98234544
98235287
98233674
98234549
98234182
98233843
98236021
98233733
98234684
98236038
98234676
98234678
98296603
98377644
98373672
98305663
52795275
98375885
98372245
98373550
98305034
98375037
49815038
49815071
49815088
98468284
49868474
49866993
98475481
49916378
49914991
49916565
49916264
49974963
49974584
49974334
49973993
49975118
49974798
49972370
49973464
49971208
49973687
49977090
49974341
49973180
52899070
49976967
50058082
50061045
50060196
50061696
50059657
50059756
52961455
420918757
50059893
50061744
50059565
457964961
457962597
457965074
50064359
50063933
50091529
322928171
322928422
322928746
322929425
322928252
50064258
50064226
50098545
322926679
50097553
322926684
50098851
322928241
50096642
322929476
391993423
50097668
50098878
391989028
391987874
50175254
391992496
50173633
391991486
50172442
50174352
50174230
391995932
50173902
50176096
50173936
392036986
50175191
50171834
392044713
392038114
392036914
202876798
392042463
392036979
202875129
202876323
202873193
203059167
203059951
202875310
392102412
203063509
392097159
203066552
392102549
203065123
392100786
203063355
203058723
392170833
203243617
413551134
392169310
392247682
203245557
392169961
203239070
392322718
203442128
392250116
203446063
392253157
392258943
392252354
203445983
392258627
392251211
392250526
203446438
203442031
203446135
392251764
392328254
392393323
203441652
203443866
203446128
203446196
203625989
392398297
203817720
392395781
203625653
392397577
203822330
392397686
392394968
98682729
98686432
203822566
413650565
98685850
203820463
98686311
98685720
203822398
203822414
203821956
203823443
98686286
98687982
98680512
98730516
98690271
98730452
98689287
399152648
204000681
203995539
204000531
203995619
204000636
399152364
399152733
175594111
175595883
175591332
175596244
203995518
204190760
203999922
204190757
175592548
175596800
204000421
175591593
204380212
175595014
204191054
175632343
204382203
175632797
175629957
175632758
175629637
175629730
204378938
175629526
204382247
175597710
175637609
175697440
204378242
175702715
175743178
175743348
175703009
175704151
175745032
175751670
175747519
175745120
204576206
175744810
175749712
175858647
175833014
175833026
175860955
204745445
175864361
175939896
323112811
323022327
323116958
323113941
323112783
323118129
323112891
323184195
323179436
204797466
204793055
204792541
318442933
318441519
13230328
204819321
204819343
414063071
13374179
13373525
13441493
73061893
204945667
72999883
205016390
205010781
414217016
205060766
205098050
205106701
73217080
205106599
205172271
205172381
73284663
73427609
414400961
73424502
205332710
162131908
73976496
