204451363
205104403
204562176
204227785
204882444
203667805
204189121
204174563
204175508
204604402
205049221
203553934
204077926
204782414
204819202
203544427
203866877
204494201
203710077
203675097
204862399
203892828
203457426
204811478
204107757
203890834
204041137
204115917
204269918
204413641
203570729
204918279
204351607
204104740
204282380
204963464
204229193
204832936
205010817
204222666
204274993
205155483
203582679
204886563
204887278
204807722
205008763
204248842
204496657
204896403
204084492
203696502
203628765
204512343
204787516
204836433
204040060
204442667
204274743
204179058
203800211
204330772
203920801
204434699
204760247
203521205
204412942
204399028
204351804
203839698
204134887
204247416
204193196
204193996
203810851
204849054
204097242
203361837
203812531
204147776
205202444
204898840
205128625
204777646
205162306
204957540
204553379
204123651
204780592
204066097
205024407
204066898
204281210
204238921
204594600
204249804
204190866
203397761
203475138
203301463
204367110
210282521
204477741
204547272
204247509
203462615
203574463
203499724
205030103
203642381
204439442
204436170
204383487
204096760
204533053
204387835
204367097
204270520
204769599
205001070
204894208
204121833
204878974
203766590
205153472
205225428
204933893
204519031
204350593
203363279
203895244
203811459
204105333
205087347
203655505
203854810
204406748
204458208
203249626
204428324
203690414
204438578
204241103
205055104
204350686
204262368
203712541
204317321
204838715
203842272
204277211
204897050
204794876
203853244
204435603
204054129
203834337
204612315
205232648
204947015
204350926
205232450
204432860
204388640
204791347
204137184
203708909
204278916
204290833
204258708
204347304
204948308
204178534
204348206
203863529
205173629
204271115
204437393
203629401
204519555
204417649
204518814
204182919
204356847
204317053
204607034
203560204
205078547
204248645
204894575
204322706
203846183
204282976
204489514
203348270
204553407
203348744
204376053
204360645
203551698
203551881
204852633
203341895
204538777
204548337
205200173
204993463
204063024
204246759
204328600
205228053
203420271
205199316
205207894
204119181
204954915
204920926
204180473
204330803
204122161
205041327
204599787
203723257
204862109
204864076
205038557
204230890
204072696
203290460
204376071
203920102
205037578
203895983
204637622
204638512
203514056
204603210
203463878
205164304
205454164
204970885
205208701
205154017
204895521
205238942
204856827
204819492
204494633
204871862
204844509
204819661
205142483
204919503
205089832
205088828
205519771
204787127
204813678
205390110
204506777
204901273
204933717
205495323
204242152
204583750
204757338
204909952
204233955
204878461
203860131
205063210
205121714
204566199
204845955
204426231
203753432
204434363
205480850
203843009
204830256
204229583
204832041
203851147
204829482
204876697
205087483
204273100
204895410
203271901
204643047
203788687
204446677
203844446
204417450
204054556
204397408
205164832
204321428
205152548
204838119
204801261
204428864
203563853
205177336
204634894
204451272
205080360
204118782
204154736
205080616
205142641
205060410
204932100
204449389
204611292
205359167
205141287
204472612
204810792
205142340
203833980
205358744
204099739
205192701
205177770
203468205
203660895
203898731
204324196
202710503
203897643
204094503
204507317
204852312
204565769
204854345
202724025
204894630
203815783
205152244
202957873
204871202
205151387
202960425
202978875
204555809
204172838
205046848
205066998
204418005
205626492
203913100
204100531
203009876
204448136
204328391
205034152
202539362
205056060
204093677
205092303
204429883
203581504
205203376
204086791
204517282
204756726
203362293
203842174
204824603
204398857
204397879
205164400
204608292
204769996
205218826
204783273
204388140
204518032
204447221
203844180
203893268
204288433
205054287
205477423
203837143
203065387
203856109
204982702
204614722
203849738
205157836
204472125
204078097
204121113
205366676
204538466
204551703
204059992
203036995
203036352
204630363
205026365
205024957
204212486
205005589
205117205
202515599
203756781
204133691
205040772
202915242
205167008
204217309
202585030
205133963
203596697
204484164
204392438
202904813
205145188
205164892
204464828
205247191
204487447
203692610
205137430
204870669
205124839
204841911
204495624
205106221
202879519
202880081
205241182
204468732
204530046
205054397
204230492
204655153
204060981
204501712
203716047
204117263
204127977
204584635
204401119
203754361
204233574
204561327
205068630
204907231
205375290
204217530
203278103
204467584
204450240
203851946
205374937
205355375
203759570
204187094
204296945
203318214
204099713
204365837
203686287
204439854
204074274
204478864
204239143
204220275
203645396
203641931
204292655
205086621
205155253
204345402
205019241
204932990
204367193
205034491
204251947
205091879
205157937
204912351
205092842
204817605
205129147
205168266
203538882
204857023
205072354
204803505
205156547
203892022
202709862
202909059
205102553
205150770
204651122
204928499
204940701
202699293
210282525
204581550
203775036
204851310
205182200
204404080
203577715
205013031
205182220
205012599
204245943
204465961
204105498
205167772
205364526
204888409
204184435
204185181
203760219
204279085
205082248
203448860
204812713
204259310
205165965
203876392
204210528
204491374
204247811
204204545
202522205
202521690
204468888
204399319
205373716
205373893
203048597
205431266
204393705
205097920
204222295
204813829
204149252
204156820
204152030
203750883
204152441
204525772
203842665
204439731
205225696
204459941
203881218
203917770
205260089
202947197
203070560
203777800
202818196
205217412
204264641
203534383
203799762
203459091
204449165
205051240
204492163
204449800
204245509
205049683
204442118
203793637
204332672
205047378
203904156
205158239
204488355
202955563
205188906
203532363
202853972
204344180
204960156
205179845
204828211
204177311
203726701
204408619
203499175
203711274
203017692
204602579
204231861
203703016
203083616
204235325
203747590
204147295
202933888
203770673
202533810
203770366
203876897
205209357
204079030
204076987
204492384
204172667
203938167
204189554
202906766
204250417
204299578
204078673
205037489
203576256
204584778
203816510
204355829
203342257
204202443
203623026
204939243
205198363
203370081
204204414
204092042
205124381
204621457
205143329
203122463
204467371
204494046
203920452
203674308
204204606
203837965
204143627
204162631
204462739
203894955
204348630
203731383
204824257
204554162
204337881
204154149
204199333
203895004
203840786
203433962
204101029
203565326
204082531
203685514
203750949
203568037
203771564
203710387
203747290
204499729
203416475
204153041
203664569
203516237
204206497
203679848
204202811
203587408
203703588
203479994
204126288
203337814
203855509
203627083
203520293
203884472
204241221
203768482
203844508
204144407
203527618
204543498
204414610
204303402
204150518
203868608
204099505
204162886
203452629
203465939
203809634
203696274
203934572
203809317
203863067
203910995
203565563
203925874
203788453
203563208
203789628
203789325
203098364
203842482
203119637
202632400
205596184
203542463
202910245
203097006
202569086
203385048
205272194
205267399
205264786
203004488
204862767
204608015
202552141
204435866
204662993
204402572
204454456
204569229
204508462
204468718
204418342
204598458
204542962
204260042
204347422
204168477
204364130
204964091
204469637
204321959
205403104
204932248
204956337
204408707
204559599
204287798
204655550
204638251
205516967
203848625
204615541
204279000
204666965
203869829
203478236
203891936
204372172
204296346
205211404
203636498
203598787
203540227
203425996
203625455
204353205
204346718
204290918
203915538
204494885
203914036
204217770
203626828
204644117
203417549
202873945
204471912
204211116
203495721
203685806
204819556
203001378
204552994
203143409
204329690
204671953
204651589
202552587
204598375
205000676
204603511
202800875
204810161
204176565
203931628
202949156
202791563
204449274
203517602
202800046
204374147
204321142
204683246
205204368
205007401
204591415
202908892
204608050
203390179
204611501
202891090
204683343
203112557
204264833
204524752
202906224
204656724
205483258
202709152
203655051
204274536
202795175
204637674
202661711
204195050
203863576
204139015
203378869
202959419
203467084
204566795
203001867
203649927
203783190
204624141
204990278
204295293
203555168
202640668
203761347
204469527
204347824
204268916
204355491
204462113
203343161
204176771
203725441
204623020
203430290
204175516
203417323
203911473
203042487
203528786
205010433
205529382
203440253
204460283
210282526
203421625
204129511
204165788
204396010
204544020
203506352
203807162
202793212
203071614
203476597
203086979
203778209
203055760
204611221
204277248
204383288
204382615
204520625
202987851
203074940
203354381
203640875
202976647
203713606
204223197
204525799
204377821
204520585
203138121
203826403
204206295
203006330
204464537
203478347
205044245
203442191
204565982
203386139
203749770
203390805
203807051
203791768
204134902
203850605
204608421
203915424
202787821
202790830
204330922
203425127
203751997
203781195
203465909
203652652
203798606
202828127
203409747
203781238
204411939
203875175
203062441
203504633
203115615
203117371
203905980
204570302
203604427
202615424
203036210
202773970
203774126
203178795
203033414
203956555
203044910
202638454
203125449
203642025
203108627
203050730
203189054
203122134
205165393
202676865
202678486
205517382
204377731
204474909
204438478
210282528
203099159
204559470
203181641
202619356
205431449
203185083
202724532
202687442
204884822
202679988
203130129
203120753
204566404
205059490
205435449
204716087
203135082
205075874
205002311
